<?xml version="1.0" encoding="UTF-8"?>
<testng-results skipped="0" failed="12" total="78" passed="66">
  <reporter-output>
  </reporter-output>
  <suite name="Surefire suite" duration-ms="2932120" started-at="2015-02-27T14:47:11Z" finished-at="2015-02-27T15:36:03Z">
    <groups>
      <group name="approvals_list">
        <method signature="TestApprovals.testComponentsOfPendingApprovalItemAsAdmin_MOBI1654()[pri:0, instance:com.spredfast.qa.mobileauto.ios.tests.publishing.approvals.TestApprovals@1bce4f0a]" name="testComponentsOfPendingApprovalItemAsAdmin_MOBI1654" class="com.spredfast.qa.mobileauto.ios.tests.publishing.approvals.TestApprovals"/>
      </group> <!-- approvals_list -->
      <group name="calendar">
        <method signature="TestCalendar.testCurrentDateSectionAsAdmin_MOBI1179_MOBI756()[pri:0, instance:com.spredfast.qa.mobileauto.ios.tests.publishing.calendar.TestCalendar@523884b2]" name="testCurrentDateSectionAsAdmin_MOBI1179_MOBI756" class="com.spredfast.qa.mobileauto.ios.tests.publishing.calendar.TestCalendar"/>
        <method signature="TestCalendar.testPublishButtonIsPresentAsAdmin_MOBI817(boolean, java.lang.String)[pri:0, instance:com.spredfast.qa.mobileauto.ios.tests.publishing.calendar.TestCalendar@523884b2]" name="testPublishButtonIsPresentAsAdmin_MOBI817" class="com.spredfast.qa.mobileauto.ios.tests.publishing.calendar.TestCalendar"/>
        <method signature="TestCalendar.testTodayButtonAsAdmin_MOBI1667_MOBI1342_MOBI818_MOBI945_MOBI1661()[pri:0, instance:com.spredfast.qa.mobileauto.ios.tests.publishing.calendar.TestCalendar@523884b2]" name="testTodayButtonAsAdmin_MOBI1667_MOBI1342_MOBI818_MOBI945_MOBI1661" class="com.spredfast.qa.mobileauto.ios.tests.publishing.calendar.TestCalendar"/>
        <method signature="TestCalendar.testTotalNumberOfItemsForTheDayAsAdmin_MOBI1119_MOBI1669()[pri:0, instance:com.spredfast.qa.mobileauto.ios.tests.publishing.calendar.TestCalendar@523884b2]" name="testTotalNumberOfItemsForTheDayAsAdmin_MOBI1119_MOBI1669" class="com.spredfast.qa.mobileauto.ios.tests.publishing.calendar.TestCalendar"/>
        <method signature="TestCalendarFiltersChannels.testFiltersChannelAsAdmin_MOBI2062_MOBI2186_MOBI2068_MOBI2231_MOBI2050(com.spredfast.qa.mobileauto.common.data.FilterOption, com.spredfast.qa.mobileauto.common.data.PublishingChannel)[pri:0, instance:com.spredfast.qa.mobileauto.ios.tests.publishing.calendar.TestCalendarFiltersChannels@5e3a8624]" name="testFiltersChannelAsAdmin_MOBI2062_MOBI2186_MOBI2068_MOBI2231_MOBI2050" class="com.spredfast.qa.mobileauto.ios.tests.publishing.calendar.TestCalendarFiltersChannels"/>
        <method signature="TestCalendarFiltersChannelsMultiple.testFiltersChannelMultipleAsAdmin_MOBI2109()[pri:0, instance:com.spredfast.qa.mobileauto.ios.tests.publishing.calendar.TestCalendarFiltersChannelsMultiple@5c3bd550]" name="testFiltersChannelMultipleAsAdmin_MOBI2109" class="com.spredfast.qa.mobileauto.ios.tests.publishing.calendar.TestCalendarFiltersChannelsMultiple"/>
        <method signature="TestCalendarFiltersStatuses.testFiltersMessageStatusAsAdmin_MOBI2031_MOBI2128_MOBI2230_MOBI2310_MOBI2056_MOBI2301_MOBI2064_MOBI2032(com.spredfast.qa.mobileauto.common.data.FilterOption, com.spredfast.qa.mobileauto.common.data.MessageStatus)[pri:0, instance:com.spredfast.qa.mobileauto.ios.tests.publishing.calendar.TestCalendarFiltersStatuses@91161c7]" name="testFiltersMessageStatusAsAdmin_MOBI2031_MOBI2128_MOBI2230_MOBI2310_MOBI2056_MOBI2301_MOBI2064_MOBI2032" class="com.spredfast.qa.mobileauto.ios.tests.publishing.calendar.TestCalendarFiltersStatuses"/>
        <method signature="TestCalendarFiltersStatusesMultiple.testFiltersMessageStatusesMultipleAsAdmin_MOBI2268()[pri:0, instance:com.spredfast.qa.mobileauto.ios.tests.publishing.calendar.TestCalendarFiltersStatusesMultiple@685cb137]" name="testFiltersMessageStatusesMultipleAsAdmin_MOBI2268" class="com.spredfast.qa.mobileauto.ios.tests.publishing.calendar.TestCalendarFiltersStatusesMultiple"/>
        <method signature="TestCalendarMessage.testMessageDetailsAsCompanyAdmin_MOBI1539_MOBI1417_MOBI729_MOBI984_MOBI858_MOBI1383_MOBI1288_MOBI1521()[pri:0, instance:com.spredfast.qa.mobileauto.ios.tests.publishing.calendar.TestCalendarMessage@3e6fa38a]" name="testMessageDetailsAsCompanyAdmin_MOBI1539_MOBI1417_MOBI729_MOBI984_MOBI858_MOBI1383_MOBI1288_MOBI1521" class="com.spredfast.qa.mobileauto.ios.tests.publishing.calendar.TestCalendarMessage"/>
        <method signature="TestCalendarMessage.testMessagePaperClipAsAdmin_MOBI1064_MOBI1394_MOBI1138_MOBI790()[pri:0, instance:com.spredfast.qa.mobileauto.ios.tests.publishing.calendar.TestCalendarMessage@3e6fa38a]" name="testMessagePaperClipAsAdmin_MOBI1064_MOBI1394_MOBI1138_MOBI790" class="com.spredfast.qa.mobileauto.ios.tests.publishing.calendar.TestCalendarMessage"/>
        <method signature="TestCalendarMessageDetails.testMessageDetailsHourlyAsAdmin_MOBI2175()[pri:0, instance:com.spredfast.qa.mobileauto.ios.tests.publishing.calendar.TestCalendarMessageDetails@47c62251]" name="testMessageDetailsHourlyAsAdmin_MOBI2175" class="com.spredfast.qa.mobileauto.ios.tests.publishing.calendar.TestCalendarMessageDetails"/>
      </group> <!-- calendar -->
      <group name="primary_stream">
        <method signature="TestSocialInboxPrimaryStream.testPrimaryHighlightedStreamsAsAdmin_MOBI865()[pri:0, instance:com.spredfast.qa.mobileauto.ios.tests.socialinbox.TestSocialInboxPrimaryStream@604ed9f0]" name="testPrimaryHighlightedStreamsAsAdmin_MOBI865" class="com.spredfast.qa.mobileauto.ios.tests.socialinbox.TestSocialInboxPrimaryStream"/>
        <method signature="TestSocialInboxPrimaryStream.testUserCanScrollStreamAsAdmin_MOBI1397()[pri:0, instance:com.spredfast.qa.mobileauto.ios.tests.socialinbox.TestSocialInboxPrimaryStream@604ed9f0]" name="testUserCanScrollStreamAsAdmin_MOBI1397" class="com.spredfast.qa.mobileauto.ios.tests.socialinbox.TestSocialInboxPrimaryStream"/>
      </group> <!-- primary_stream -->
      <group name="facebook">
        <method signature="TestPublishMessage.testPublishFacebookMessageAsAdmin_MOBI2008_MOBI939_MOBI799_MOBI1913_MOBI1940_MOBI1873()[pri:0, instance:com.spredfast.qa.mobileauto.common.tests.publishing.general.TestPublishMessage@6a4f787b]" name="testPublishFacebookMessageAsAdmin_MOBI2008_MOBI939_MOBI799_MOBI1913_MOBI1940_MOBI1873" class="com.spredfast.qa.mobileauto.common.tests.publishing.general.TestPublishMessage"/>
        <method signature="TestPublishMisc.testPublishButtonDisabledWithEmptyMessageTextAsAdmin_MOBI1108_MOBI665()[pri:0, instance:com.spredfast.qa.mobileauto.ios.tests.publishing.general.TestPublishMiscIOS@66a3ffec]" name="testPublishButtonDisabledWithEmptyMessageTextAsAdmin_MOBI1108_MOBI665" class="com.spredfast.qa.mobileauto.common.tests.publishing.general.TestPublishMisc"/>
        <method signature="TestPublishSeveralAccounts.testAddAnotherFacebookAccountToMessageAsAdmin_MOBI769()[pri:0, instance:com.spredfast.qa.mobileauto.common.tests.publishing.general.TestPublishSeveralAccounts@1e88b3c]" name="testAddAnotherFacebookAccountToMessageAsAdmin_MOBI769" class="com.spredfast.qa.mobileauto.common.tests.publishing.general.TestPublishSeveralAccounts"/>
        <method signature="TestPublishSwitchChannel.testSwitchingChannelSavesNonChannelInfoAsAdmin_MOBI731()[pri:0, instance:com.spredfast.qa.mobileauto.common.tests.publishing.general.TestPublishSwitchChannel@42d80b78]" name="testSwitchingChannelSavesNonChannelInfoAsAdmin_MOBI731" class="com.spredfast.qa.mobileauto.common.tests.publishing.general.TestPublishSwitchChannel"/>
      </group> <!-- facebook -->
      <group name="select_environment">
        <method signature="TestLogIn.testAppIsDefaultEnv_MOBI1722()[pri:0, instance:com.spredfast.qa.mobileauto.common.tests.TestLogIn@7cd62f43]" name="testAppIsDefaultEnv_MOBI1722" class="com.spredfast.qa.mobileauto.common.tests.TestLogIn"/>
        <method signature="TestLogIn.testSelectEnvironmentAndLogInAsAdmin_MOBI1720_MOBI1821_MOBI1796_MOBI1717_MOBI1835()[pri:0, instance:com.spredfast.qa.mobileauto.common.tests.TestLogIn@7cd62f43]" name="testSelectEnvironmentAndLogInAsAdmin_MOBI1720_MOBI1821_MOBI1796_MOBI1717_MOBI1835" class="com.spredfast.qa.mobileauto.common.tests.TestLogIn"/>
        <method signature="TestLogIn.testURLNoAccessAsAdmin_MOBI1838_MOBI1861(com.spredfast.qa.mobileauto.common.data.Environment, java.lang.String, java.lang.String)[pri:0, instance:com.spredfast.qa.mobileauto.common.tests.TestLogIn@7cd62f43]" name="testURLNoAccessAsAdmin_MOBI1838_MOBI1861" class="com.spredfast.qa.mobileauto.common.tests.TestLogIn"/>
        <method signature="TestLogIn.testUserCanSelectAppropriateEnvironment_MOBI1805()[pri:0, instance:com.spredfast.qa.mobileauto.common.tests.TestLogIn@7cd62f43]" name="testUserCanSelectAppropriateEnvironment_MOBI1805" class="com.spredfast.qa.mobileauto.common.tests.TestLogIn"/>
      </group> <!-- select_environment -->
      <group name="google+">
        <method signature="TestPublishMessage.testPublishGooglePlusMessageAsAdmin_MOBI2194_MOBI1269_MOBI1145_MOBI1913_MOBI1940_MOBI1866()[pri:0, instance:com.spredfast.qa.mobileauto.common.tests.publishing.general.TestPublishMessage@6a4f787b]" name="testPublishGooglePlusMessageAsAdmin_MOBI2194_MOBI1269_MOBI1145_MOBI1913_MOBI1940_MOBI1866" class="com.spredfast.qa.mobileauto.common.tests.publishing.general.TestPublishMessage"/>
        <method signature="TestPublishMisc.testPublishWithPhotoAsAdmin_MOBI741_MOBI1927()[pri:0, instance:com.spredfast.qa.mobileauto.ios.tests.publishing.general.TestPublishMiscIOS@66a3ffec]" name="testPublishWithPhotoAsAdmin_MOBI741_MOBI1927" class="com.spredfast.qa.mobileauto.common.tests.publishing.general.TestPublishMisc"/>
        <method signature="TestPublishSeveralAccounts.testChangeChannelAddSeveralAccountsAsAdmin_MOBI1105()[pri:0, instance:com.spredfast.qa.mobileauto.common.tests.publishing.general.TestPublishSeveralAccounts@1e88b3c]" name="testChangeChannelAddSeveralAccountsAsAdmin_MOBI1105" class="com.spredfast.qa.mobileauto.common.tests.publishing.general.TestPublishSeveralAccounts"/>
      </group> <!-- google+ -->
      <group name="filters">
        <method signature="TestCalendarFiltersChannels.testFiltersChannelAsAdmin_MOBI2062_MOBI2186_MOBI2068_MOBI2231_MOBI2050(com.spredfast.qa.mobileauto.common.data.FilterOption, com.spredfast.qa.mobileauto.common.data.PublishingChannel)[pri:0, instance:com.spredfast.qa.mobileauto.ios.tests.publishing.calendar.TestCalendarFiltersChannels@5e3a8624]" name="testFiltersChannelAsAdmin_MOBI2062_MOBI2186_MOBI2068_MOBI2231_MOBI2050" class="com.spredfast.qa.mobileauto.ios.tests.publishing.calendar.TestCalendarFiltersChannels"/>
        <method signature="TestCalendarFiltersChannelsMultiple.testFiltersChannelMultipleAsAdmin_MOBI2109()[pri:0, instance:com.spredfast.qa.mobileauto.ios.tests.publishing.calendar.TestCalendarFiltersChannelsMultiple@5c3bd550]" name="testFiltersChannelMultipleAsAdmin_MOBI2109" class="com.spredfast.qa.mobileauto.ios.tests.publishing.calendar.TestCalendarFiltersChannelsMultiple"/>
        <method signature="TestCalendarFiltersStatuses.testFiltersMessageStatusAsAdmin_MOBI2031_MOBI2128_MOBI2230_MOBI2310_MOBI2056_MOBI2301_MOBI2064_MOBI2032(com.spredfast.qa.mobileauto.common.data.FilterOption, com.spredfast.qa.mobileauto.common.data.MessageStatus)[pri:0, instance:com.spredfast.qa.mobileauto.ios.tests.publishing.calendar.TestCalendarFiltersStatuses@91161c7]" name="testFiltersMessageStatusAsAdmin_MOBI2031_MOBI2128_MOBI2230_MOBI2310_MOBI2056_MOBI2301_MOBI2064_MOBI2032" class="com.spredfast.qa.mobileauto.ios.tests.publishing.calendar.TestCalendarFiltersStatuses"/>
        <method signature="TestCalendarFiltersStatusesMultiple.testFiltersMessageStatusesMultipleAsAdmin_MOBI2268()[pri:0, instance:com.spredfast.qa.mobileauto.ios.tests.publishing.calendar.TestCalendarFiltersStatusesMultiple@685cb137]" name="testFiltersMessageStatusesMultipleAsAdmin_MOBI2268" class="com.spredfast.qa.mobileauto.ios.tests.publishing.calendar.TestCalendarFiltersStatusesMultiple"/>
      </group> <!-- filters -->
      <group name="sign_in_misc">
        <method signature="TestLogIn.testLogInFailed_MOBI1709_MOBI1822_MOBI1712(java.lang.String, java.lang.String, java.lang.String, java.lang.String)[pri:0, instance:com.spredfast.qa.mobileauto.common.tests.TestLogIn@7cd62f43]" name="testLogInFailed_MOBI1709_MOBI1822_MOBI1712" class="com.spredfast.qa.mobileauto.common.tests.TestLogIn"/>
      </group> <!-- sign_in_misc -->
      <group name="linkedin">
        <method signature="TestPublishMessage.testPublishLinkedInMessageAsAdmin_MOBI1051_MOBI1660_MOBI1200_MOBI1913_MOBI1940_MOBI1871()[pri:0, instance:com.spredfast.qa.mobileauto.common.tests.publishing.general.TestPublishMessage@6a4f787b]" name="testPublishLinkedInMessageAsAdmin_MOBI1051_MOBI1660_MOBI1200_MOBI1913_MOBI1940_MOBI1871" class="com.spredfast.qa.mobileauto.common.tests.publishing.general.TestPublishMessage"/>
        <method signature="TestPublishSeveralAccounts.testAddThreeLinkedInAccountsToMessageAsAdmin_MOBI1560()[pri:0, instance:com.spredfast.qa.mobileauto.common.tests.publishing.general.TestPublishSeveralAccounts@1e88b3c]" name="testAddThreeLinkedInAccountsToMessageAsAdmin_MOBI1560" class="com.spredfast.qa.mobileauto.common.tests.publishing.general.TestPublishSeveralAccounts"/>
        <method signature="TestPublishSwitchChannel.testSwitchingChannelSavesNonChannelInfoAsAdmin_MOBI1019()[pri:0, instance:com.spredfast.qa.mobileauto.common.tests.publishing.general.TestPublishSwitchChannel@42d80b78]" name="testSwitchingChannelSavesNonChannelInfoAsAdmin_MOBI1019" class="com.spredfast.qa.mobileauto.common.tests.publishing.general.TestPublishSwitchChannel"/>
        <method signature="TestPublishSwitchChannel.testSwitchingToLinkedInDoesNotSavePhotoAsAdmin_MOBI1461()[pri:0, instance:com.spredfast.qa.mobileauto.common.tests.publishing.general.TestPublishSwitchChannel@42d80b78]" name="testSwitchingToLinkedInDoesNotSavePhotoAsAdmin_MOBI1461" class="com.spredfast.qa.mobileauto.common.tests.publishing.general.TestPublishSwitchChannel"/>
      </group> <!-- linkedin -->
      <group name="individual_in_app_approvals">
        <method signature="TestApprovals.testApprovalsPageHasInitiativeSwitcherAsAdmin_MOBI2177()[pri:0, instance:com.spredfast.qa.mobileauto.ios.tests.publishing.approvals.TestApprovals@1bce4f0a]" name="testApprovalsPageHasInitiativeSwitcherAsAdmin_MOBI2177" class="com.spredfast.qa.mobileauto.ios.tests.publishing.approvals.TestApprovals"/>
        <method signature="TestApprovals.testApproveMessageApprovalPathAsAdmin_MOBI902()[pri:0, instance:com.spredfast.qa.mobileauto.ios.tests.publishing.approvals.TestApprovals@1bce4f0a]" name="testApproveMessageApprovalPathAsAdmin_MOBI902" class="com.spredfast.qa.mobileauto.ios.tests.publishing.approvals.TestApprovals"/>
        <method signature="TestApprovals.testApproveMessageIndividualApprovalPageAsAdmin_MOBI1409_MOBI1512()[pri:0, instance:com.spredfast.qa.mobileauto.ios.tests.publishing.approvals.TestApprovals@1bce4f0a]" name="testApproveMessageIndividualApprovalPageAsAdmin_MOBI1409_MOBI1512" class="com.spredfast.qa.mobileauto.ios.tests.publishing.approvals.TestApprovals"/>
        <method signature="TestApprovals.testExpandPostedByOnMessageIndividualApprovalPageAsAdmin_MOBI940()[pri:0, instance:com.spredfast.qa.mobileauto.ios.tests.publishing.approvals.TestApprovals@1bce4f0a]" name="testExpandPostedByOnMessageIndividualApprovalPageAsAdmin_MOBI940" class="com.spredfast.qa.mobileauto.ios.tests.publishing.approvals.TestApprovals"/>
        <method signature="TestApprovals.testNextPreviousReturnBackAsAdmin_MOBI904_MOBI678_MOBI1063()[pri:0, instance:com.spredfast.qa.mobileauto.ios.tests.publishing.approvals.TestApprovals@1bce4f0a]" name="testNextPreviousReturnBackAsAdmin_MOBI904_MOBI678_MOBI1063" class="com.spredfast.qa.mobileauto.ios.tests.publishing.approvals.TestApprovals"/>
        <method signature="TestApprovals.testNumberOnMessageIndividualApprovalPageAsAdmin_MOBI1651()[pri:0, instance:com.spredfast.qa.mobileauto.ios.tests.publishing.approvals.TestApprovals@1bce4f0a]" name="testNumberOnMessageIndividualApprovalPageAsAdmin_MOBI1651" class="com.spredfast.qa.mobileauto.ios.tests.publishing.approvals.TestApprovals"/>
        <method signature="TestApprovals.testRejectMessageIndividualApprovalPageAsAdmin_MOBI1534_MOBI1458_MOBI1202()[pri:0, instance:com.spredfast.qa.mobileauto.ios.tests.publishing.approvals.TestApprovals@1bce4f0a]" name="testRejectMessageIndividualApprovalPageAsAdmin_MOBI1534_MOBI1458_MOBI1202" class="com.spredfast.qa.mobileauto.ios.tests.publishing.approvals.TestApprovals"/>
        <method signature="TestApprovals.testStatesRejectCancelAsAdmin_MOBI1118_MOBI988_MOBI1078_MOBI949_MOBI1648()[pri:0, instance:com.spredfast.qa.mobileauto.ios.tests.publishing.approvals.TestApprovals@1bce4f0a]" name="testStatesRejectCancelAsAdmin_MOBI1118_MOBI988_MOBI1078_MOBI949_MOBI1648" class="com.spredfast.qa.mobileauto.ios.tests.publishing.approvals.TestApprovals"/>
      </group> <!-- individual_in_app_approvals -->
      <group name="channel_bar">
        <method signature="TestPublishMisc.testPublishBackButtonAsAdmin_MOBI1868()[pri:0, instance:com.spredfast.qa.mobileauto.ios.tests.publishing.general.TestPublishMiscIOS@66a3ffec]" name="testPublishBackButtonAsAdmin_MOBI1868" class="com.spredfast.qa.mobileauto.common.tests.publishing.general.TestPublishMisc"/>
      </group> <!-- channel_bar -->
      <group name="agenda">
        <method signature="TestCalendar.testCurrentDateSectionAsAdmin_MOBI1179_MOBI756()[pri:0, instance:com.spredfast.qa.mobileauto.ios.tests.publishing.calendar.TestCalendar@523884b2]" name="testCurrentDateSectionAsAdmin_MOBI1179_MOBI756" class="com.spredfast.qa.mobileauto.ios.tests.publishing.calendar.TestCalendar"/>
        <method signature="TestCalendar.testPublishButtonIsPresentAsAdmin_MOBI817(boolean, java.lang.String)[pri:0, instance:com.spredfast.qa.mobileauto.ios.tests.publishing.calendar.TestCalendar@523884b2]" name="testPublishButtonIsPresentAsAdmin_MOBI817" class="com.spredfast.qa.mobileauto.ios.tests.publishing.calendar.TestCalendar"/>
        <method signature="TestCalendar.testTodayButtonAsAdmin_MOBI1667_MOBI1342_MOBI818_MOBI945_MOBI1661()[pri:0, instance:com.spredfast.qa.mobileauto.ios.tests.publishing.calendar.TestCalendar@523884b2]" name="testTodayButtonAsAdmin_MOBI1667_MOBI1342_MOBI818_MOBI945_MOBI1661" class="com.spredfast.qa.mobileauto.ios.tests.publishing.calendar.TestCalendar"/>
        <method signature="TestCalendar.testTotalNumberOfItemsForTheDayAsAdmin_MOBI1119_MOBI1669()[pri:0, instance:com.spredfast.qa.mobileauto.ios.tests.publishing.calendar.TestCalendar@523884b2]" name="testTotalNumberOfItemsForTheDayAsAdmin_MOBI1119_MOBI1669" class="com.spredfast.qa.mobileauto.ios.tests.publishing.calendar.TestCalendar"/>
        <method signature="TestCalendarMessage.testMessageDetailsAsCompanyAdmin_MOBI1539_MOBI1417_MOBI729_MOBI984_MOBI858_MOBI1383_MOBI1288_MOBI1521()[pri:0, instance:com.spredfast.qa.mobileauto.ios.tests.publishing.calendar.TestCalendarMessage@3e6fa38a]" name="testMessageDetailsAsCompanyAdmin_MOBI1539_MOBI1417_MOBI729_MOBI984_MOBI858_MOBI1383_MOBI1288_MOBI1521" class="com.spredfast.qa.mobileauto.ios.tests.publishing.calendar.TestCalendarMessage"/>
        <method signature="TestCalendarMessage.testMessagePaperClipAsAdmin_MOBI1064_MOBI1394_MOBI1138_MOBI790()[pri:0, instance:com.spredfast.qa.mobileauto.ios.tests.publishing.calendar.TestCalendarMessage@3e6fa38a]" name="testMessagePaperClipAsAdmin_MOBI1064_MOBI1394_MOBI1138_MOBI790" class="com.spredfast.qa.mobileauto.ios.tests.publishing.calendar.TestCalendarMessage"/>
      </group> <!-- agenda -->
      <group name="social_inbox">
        <method signature="TestSocialInboxBasicNavigation.testCollapseNavigationMenuAsAdmin_MOBI1404()[pri:0, instance:com.spredfast.qa.mobileauto.ios.tests.socialinbox.TestSocialInboxBasicNavigation@3bfdc050]" name="testCollapseNavigationMenuAsAdmin_MOBI1404" class="com.spredfast.qa.mobileauto.ios.tests.socialinbox.TestSocialInboxBasicNavigation"/>
        <method signature="TestSocialInboxBasicNavigation.testCollapseNavigationMenuSwipeAsAdmin_MOBI921()[pri:0, instance:com.spredfast.qa.mobileauto.ios.tests.socialinbox.TestSocialInboxBasicNavigation@3bfdc050]" name="testCollapseNavigationMenuSwipeAsAdmin_MOBI921" class="com.spredfast.qa.mobileauto.ios.tests.socialinbox.TestSocialInboxBasicNavigation"/>
        <method signature="TestSocialInboxBasicNavigation.testCollapsePublishMenuAsAdmin_MOBI1475()[pri:0, instance:com.spredfast.qa.mobileauto.ios.tests.socialinbox.TestSocialInboxBasicNavigation@3bfdc050]" name="testCollapsePublishMenuAsAdmin_MOBI1475" class="com.spredfast.qa.mobileauto.ios.tests.socialinbox.TestSocialInboxBasicNavigation"/>
        <method signature="TestSocialInboxBasicNavigation.testCollapsePublishMenuSwipeAsAdmin_MOBI1408()[pri:0, instance:com.spredfast.qa.mobileauto.ios.tests.socialinbox.TestSocialInboxBasicNavigation@3bfdc050]" name="testCollapsePublishMenuSwipeAsAdmin_MOBI1408" class="com.spredfast.qa.mobileauto.ios.tests.socialinbox.TestSocialInboxBasicNavigation"/>
        <method signature="TestSocialInboxBasicNavigation.testInitiativeSelectorAsAdmin_MOBI1206()[pri:0, instance:com.spredfast.qa.mobileauto.ios.tests.socialinbox.TestSocialInboxBasicNavigation@3bfdc050]" name="testInitiativeSelectorAsAdmin_MOBI1206" class="com.spredfast.qa.mobileauto.ios.tests.socialinbox.TestSocialInboxBasicNavigation"/>
        <method signature="TestSocialInboxInitiativeSwitcher.testCloseInitiativeDropDownClickAwayAsAdmin_MOBI1017()[pri:0, instance:com.spredfast.qa.mobileauto.ios.tests.socialinbox.TestSocialInboxInitiativeSwitcher@77caeb3e]" name="testCloseInitiativeDropDownClickAwayAsAdmin_MOBI1017" class="com.spredfast.qa.mobileauto.ios.tests.socialinbox.TestSocialInboxInitiativeSwitcher"/>
        <method signature="TestSocialInboxInitiativeSwitcher.testCloseInitiativeDropDownClickSwitcherAsAdmin_MOBI1017()[pri:0, instance:com.spredfast.qa.mobileauto.ios.tests.socialinbox.TestSocialInboxInitiativeSwitcher@77caeb3e]" name="testCloseInitiativeDropDownClickSwitcherAsAdmin_MOBI1017" class="com.spredfast.qa.mobileauto.ios.tests.socialinbox.TestSocialInboxInitiativeSwitcher"/>
        <method signature="TestSocialInboxInitiativeSwitcher.testSwitchInitiativeAsCompanyAdmin_MOBI1267_MOBI1633()[pri:0, instance:com.spredfast.qa.mobileauto.ios.tests.socialinbox.TestSocialInboxInitiativeSwitcher@77caeb3e]" name="testSwitchInitiativeAsCompanyAdmin_MOBI1267_MOBI1633" class="com.spredfast.qa.mobileauto.ios.tests.socialinbox.TestSocialInboxInitiativeSwitcher"/>
        <method signature="TestSocialInboxPrimaryStream.testPrimaryHighlightedStreamsAsAdmin_MOBI865()[pri:0, instance:com.spredfast.qa.mobileauto.ios.tests.socialinbox.TestSocialInboxPrimaryStream@604ed9f0]" name="testPrimaryHighlightedStreamsAsAdmin_MOBI865" class="com.spredfast.qa.mobileauto.ios.tests.socialinbox.TestSocialInboxPrimaryStream"/>
        <method signature="TestSocialInboxPrimaryStream.testUserCanScrollStreamAsAdmin_MOBI1397()[pri:0, instance:com.spredfast.qa.mobileauto.ios.tests.socialinbox.TestSocialInboxPrimaryStream@604ed9f0]" name="testUserCanScrollStreamAsAdmin_MOBI1397" class="com.spredfast.qa.mobileauto.ios.tests.socialinbox.TestSocialInboxPrimaryStream"/>
      </group> <!-- social_inbox -->
      <group name="compose_message">
        <method signature="TestPublishMessage.testPublishFacebookMessageAsAdmin_MOBI2008_MOBI939_MOBI799_MOBI1913_MOBI1940_MOBI1873()[pri:0, instance:com.spredfast.qa.mobileauto.common.tests.publishing.general.TestPublishMessage@6a4f787b]" name="testPublishFacebookMessageAsAdmin_MOBI2008_MOBI939_MOBI799_MOBI1913_MOBI1940_MOBI1873" class="com.spredfast.qa.mobileauto.common.tests.publishing.general.TestPublishMessage"/>
        <method signature="TestPublishMessage.testPublishGooglePlusMessageAsAdmin_MOBI2194_MOBI1269_MOBI1145_MOBI1913_MOBI1940_MOBI1866()[pri:0, instance:com.spredfast.qa.mobileauto.common.tests.publishing.general.TestPublishMessage@6a4f787b]" name="testPublishGooglePlusMessageAsAdmin_MOBI2194_MOBI1269_MOBI1145_MOBI1913_MOBI1940_MOBI1866" class="com.spredfast.qa.mobileauto.common.tests.publishing.general.TestPublishMessage"/>
        <method signature="TestPublishMessage.testPublishLinkedInMessageAsAdmin_MOBI1051_MOBI1660_MOBI1200_MOBI1913_MOBI1940_MOBI1871()[pri:0, instance:com.spredfast.qa.mobileauto.common.tests.publishing.general.TestPublishMessage@6a4f787b]" name="testPublishLinkedInMessageAsAdmin_MOBI1051_MOBI1660_MOBI1200_MOBI1913_MOBI1940_MOBI1871" class="com.spredfast.qa.mobileauto.common.tests.publishing.general.TestPublishMessage"/>
        <method signature="TestPublishMessage.testPublishTwitterMessageAsAdmin_MOBI1527_MOBI1624_MOBI886_MOBI1913_MOBI1940_MOBI1874()[pri:0, instance:com.spredfast.qa.mobileauto.common.tests.publishing.general.TestPublishMessage@6a4f787b]" name="testPublishTwitterMessageAsAdmin_MOBI1527_MOBI1624_MOBI886_MOBI1913_MOBI1940_MOBI1874" class="com.spredfast.qa.mobileauto.common.tests.publishing.general.TestPublishMessage"/>
        <method signature="TestPublishMisc.testAddingPhotoForTwitterDecrementsAvailableCharactersValue_MOBI1338()[pri:0, instance:com.spredfast.qa.mobileauto.ios.tests.publishing.general.TestPublishMiscIOS@66a3ffec]" name="testAddingPhotoForTwitterDecrementsAvailableCharactersValue_MOBI1338" class="com.spredfast.qa.mobileauto.common.tests.publishing.general.TestPublishMisc"/>
        <method signature="TestPublishMisc.testPublishBackButtonAsAdmin_MOBI1868()[pri:0, instance:com.spredfast.qa.mobileauto.ios.tests.publishing.general.TestPublishMiscIOS@66a3ffec]" name="testPublishBackButtonAsAdmin_MOBI1868" class="com.spredfast.qa.mobileauto.common.tests.publishing.general.TestPublishMisc"/>
        <method signature="TestPublishMisc.testPublishButtonDisabledWith141CharacterMessageTextAsAdmin_MOBI1418_MOBI674()[pri:0, instance:com.spredfast.qa.mobileauto.ios.tests.publishing.general.TestPublishMiscIOS@66a3ffec]" name="testPublishButtonDisabledWith141CharacterMessageTextAsAdmin_MOBI1418_MOBI674" class="com.spredfast.qa.mobileauto.common.tests.publishing.general.TestPublishMisc"/>
        <method signature="TestPublishMisc.testPublishButtonDisabledWithEmptyMessageTextAsAdmin_MOBI1108_MOBI665()[pri:0, instance:com.spredfast.qa.mobileauto.ios.tests.publishing.general.TestPublishMiscIOS@66a3ffec]" name="testPublishButtonDisabledWithEmptyMessageTextAsAdmin_MOBI1108_MOBI665" class="com.spredfast.qa.mobileauto.common.tests.publishing.general.TestPublishMisc"/>
        <method signature="TestPublishMisc.testPublishTwitterMessage140CharsAsAdmin_MOBI697_MOBI654()[pri:0, instance:com.spredfast.qa.mobileauto.ios.tests.publishing.general.TestPublishMiscIOS@66a3ffec]" name="testPublishTwitterMessage140CharsAsAdmin_MOBI697_MOBI654" class="com.spredfast.qa.mobileauto.common.tests.publishing.general.TestPublishMisc"/>
        <method signature="TestPublishMisc.testPublishTwitterMessageWithoutTitleAsAdmin_MOBI1187()[pri:0, instance:com.spredfast.qa.mobileauto.ios.tests.publishing.general.TestPublishMiscIOS@66a3ffec]" name="testPublishTwitterMessageWithoutTitleAsAdmin_MOBI1187" class="com.spredfast.qa.mobileauto.common.tests.publishing.general.TestPublishMisc"/>
        <method signature="TestPublishMisc.testPublishWithPhotoAsAdmin_MOBI741_MOBI1927()[pri:0, instance:com.spredfast.qa.mobileauto.ios.tests.publishing.general.TestPublishMiscIOS@66a3ffec]" name="testPublishWithPhotoAsAdmin_MOBI741_MOBI1927" class="com.spredfast.qa.mobileauto.common.tests.publishing.general.TestPublishMisc"/>
        <method signature="TestPublishMiscIOS.testPublishButtonIsNotDisplayedWhenUserIsViewer_MOBI1505()[pri:0, instance:com.spredfast.qa.mobileauto.ios.tests.publishing.general.TestPublishMiscIOS@66a3ffec]" name="testPublishButtonIsNotDisplayedWhenUserIsViewer_MOBI1505" class="com.spredfast.qa.mobileauto.ios.tests.publishing.general.TestPublishMiscIOS"/>
        <method signature="TestPublishMiscIOS.testPublishButtonIsReplacedWithSubmitButton_MOBI700()[pri:0, instance:com.spredfast.qa.mobileauto.ios.tests.publishing.general.TestPublishMiscIOS@66a3ffec]" name="testPublishButtonIsReplacedWithSubmitButton_MOBI700" class="com.spredfast.qa.mobileauto.ios.tests.publishing.general.TestPublishMiscIOS"/>
        <method signature="TestPublishMiscIOS.testUserIsAbleToSaveMessageAsDraft()[pri:0, instance:com.spredfast.qa.mobileauto.ios.tests.publishing.general.TestPublishMiscIOS@66a3ffec]" name="testUserIsAbleToSaveMessageAsDraft" class="com.spredfast.qa.mobileauto.ios.tests.publishing.general.TestPublishMiscIOS"/>
        <method signature="TestPublishSeveralAccounts.testAddAnotherFacebookAccountToMessageAsAdmin_MOBI769()[pri:0, instance:com.spredfast.qa.mobileauto.common.tests.publishing.general.TestPublishSeveralAccounts@1e88b3c]" name="testAddAnotherFacebookAccountToMessageAsAdmin_MOBI769" class="com.spredfast.qa.mobileauto.common.tests.publishing.general.TestPublishSeveralAccounts"/>
        <method signature="TestPublishSeveralAccounts.testAddAnotherTwitterAccountToMessageAsAdmin_MOBI1588()[pri:0, instance:com.spredfast.qa.mobileauto.common.tests.publishing.general.TestPublishSeveralAccounts@1e88b3c]" name="testAddAnotherTwitterAccountToMessageAsAdmin_MOBI1588" class="com.spredfast.qa.mobileauto.common.tests.publishing.general.TestPublishSeveralAccounts"/>
        <method signature="TestPublishSeveralAccounts.testAddThreeLinkedInAccountsToMessageAsAdmin_MOBI1560()[pri:0, instance:com.spredfast.qa.mobileauto.common.tests.publishing.general.TestPublishSeveralAccounts@1e88b3c]" name="testAddThreeLinkedInAccountsToMessageAsAdmin_MOBI1560" class="com.spredfast.qa.mobileauto.common.tests.publishing.general.TestPublishSeveralAccounts"/>
        <method signature="TestPublishSeveralAccounts.testChangeChannelAddSeveralAccountsAsAdmin_MOBI1105()[pri:0, instance:com.spredfast.qa.mobileauto.common.tests.publishing.general.TestPublishSeveralAccounts@1e88b3c]" name="testChangeChannelAddSeveralAccountsAsAdmin_MOBI1105" class="com.spredfast.qa.mobileauto.common.tests.publishing.general.TestPublishSeveralAccounts"/>
        <method signature="TestPublishSwitchChannel.testSwitchingChannelSavesNonChannelInfoAsAdmin_MOBI1019()[pri:0, instance:com.spredfast.qa.mobileauto.common.tests.publishing.general.TestPublishSwitchChannel@42d80b78]" name="testSwitchingChannelSavesNonChannelInfoAsAdmin_MOBI1019" class="com.spredfast.qa.mobileauto.common.tests.publishing.general.TestPublishSwitchChannel"/>
        <method signature="TestPublishSwitchChannel.testSwitchingChannelSavesNonChannelInfoAsAdmin_MOBI1192()[pri:0, instance:com.spredfast.qa.mobileauto.common.tests.publishing.general.TestPublishSwitchChannel@42d80b78]" name="testSwitchingChannelSavesNonChannelInfoAsAdmin_MOBI1192" class="com.spredfast.qa.mobileauto.common.tests.publishing.general.TestPublishSwitchChannel"/>
        <method signature="TestPublishSwitchChannel.testSwitchingChannelSavesNonChannelInfoAsAdmin_MOBI731()[pri:0, instance:com.spredfast.qa.mobileauto.common.tests.publishing.general.TestPublishSwitchChannel@42d80b78]" name="testSwitchingChannelSavesNonChannelInfoAsAdmin_MOBI731" class="com.spredfast.qa.mobileauto.common.tests.publishing.general.TestPublishSwitchChannel"/>
        <method signature="TestPublishSwitchChannel.testSwitchingToLinkedInDoesNotSavePhotoAsAdmin_MOBI1461()[pri:0, instance:com.spredfast.qa.mobileauto.common.tests.publishing.general.TestPublishSwitchChannel@42d80b78]" name="testSwitchingToLinkedInDoesNotSavePhotoAsAdmin_MOBI1461" class="com.spredfast.qa.mobileauto.common.tests.publishing.general.TestPublishSwitchChannel"/>
      </group> <!-- compose_message -->
      <group name="twitter">
        <method signature="TestPublishMessage.testPublishTwitterMessageAsAdmin_MOBI1527_MOBI1624_MOBI886_MOBI1913_MOBI1940_MOBI1874()[pri:0, instance:com.spredfast.qa.mobileauto.common.tests.publishing.general.TestPublishMessage@6a4f787b]" name="testPublishTwitterMessageAsAdmin_MOBI1527_MOBI1624_MOBI886_MOBI1913_MOBI1940_MOBI1874" class="com.spredfast.qa.mobileauto.common.tests.publishing.general.TestPublishMessage"/>
        <method signature="TestPublishMisc.testAddingPhotoForTwitterDecrementsAvailableCharactersValue_MOBI1338()[pri:0, instance:com.spredfast.qa.mobileauto.ios.tests.publishing.general.TestPublishMiscIOS@66a3ffec]" name="testAddingPhotoForTwitterDecrementsAvailableCharactersValue_MOBI1338" class="com.spredfast.qa.mobileauto.common.tests.publishing.general.TestPublishMisc"/>
        <method signature="TestPublishMisc.testPublishButtonDisabledWith141CharacterMessageTextAsAdmin_MOBI1418_MOBI674()[pri:0, instance:com.spredfast.qa.mobileauto.ios.tests.publishing.general.TestPublishMiscIOS@66a3ffec]" name="testPublishButtonDisabledWith141CharacterMessageTextAsAdmin_MOBI1418_MOBI674" class="com.spredfast.qa.mobileauto.common.tests.publishing.general.TestPublishMisc"/>
        <method signature="TestPublishMisc.testPublishTwitterMessage140CharsAsAdmin_MOBI697_MOBI654()[pri:0, instance:com.spredfast.qa.mobileauto.ios.tests.publishing.general.TestPublishMiscIOS@66a3ffec]" name="testPublishTwitterMessage140CharsAsAdmin_MOBI697_MOBI654" class="com.spredfast.qa.mobileauto.common.tests.publishing.general.TestPublishMisc"/>
        <method signature="TestPublishMisc.testPublishTwitterMessageWithoutTitleAsAdmin_MOBI1187()[pri:0, instance:com.spredfast.qa.mobileauto.ios.tests.publishing.general.TestPublishMiscIOS@66a3ffec]" name="testPublishTwitterMessageWithoutTitleAsAdmin_MOBI1187" class="com.spredfast.qa.mobileauto.common.tests.publishing.general.TestPublishMisc"/>
        <method signature="TestPublishSeveralAccounts.testAddAnotherTwitterAccountToMessageAsAdmin_MOBI1588()[pri:0, instance:com.spredfast.qa.mobileauto.common.tests.publishing.general.TestPublishSeveralAccounts@1e88b3c]" name="testAddAnotherTwitterAccountToMessageAsAdmin_MOBI1588" class="com.spredfast.qa.mobileauto.common.tests.publishing.general.TestPublishSeveralAccounts"/>
        <method signature="TestPublishSwitchChannel.testSwitchingChannelSavesNonChannelInfoAsAdmin_MOBI1192()[pri:0, instance:com.spredfast.qa.mobileauto.common.tests.publishing.general.TestPublishSwitchChannel@42d80b78]" name="testSwitchingChannelSavesNonChannelInfoAsAdmin_MOBI1192" class="com.spredfast.qa.mobileauto.common.tests.publishing.general.TestPublishSwitchChannel"/>
      </group> <!-- twitter -->
      <group name="sign_in_general">
        <method signature="TestLogIn.testSelectEnvironmentAndLogInAsAdmin_MOBI1720_MOBI1821_MOBI1796_MOBI1717_MOBI1835()[pri:0, instance:com.spredfast.qa.mobileauto.common.tests.TestLogIn@7cd62f43]" name="testSelectEnvironmentAndLogInAsAdmin_MOBI1720_MOBI1821_MOBI1796_MOBI1717_MOBI1835" class="com.spredfast.qa.mobileauto.common.tests.TestLogIn"/>
      </group> <!-- sign_in_general -->
      <group name="basic_navigation">
        <method signature="TestSocialInboxBasicNavigation.testCollapseNavigationMenuAsAdmin_MOBI1404()[pri:0, instance:com.spredfast.qa.mobileauto.ios.tests.socialinbox.TestSocialInboxBasicNavigation@3bfdc050]" name="testCollapseNavigationMenuAsAdmin_MOBI1404" class="com.spredfast.qa.mobileauto.ios.tests.socialinbox.TestSocialInboxBasicNavigation"/>
        <method signature="TestSocialInboxBasicNavigation.testCollapseNavigationMenuSwipeAsAdmin_MOBI921()[pri:0, instance:com.spredfast.qa.mobileauto.ios.tests.socialinbox.TestSocialInboxBasicNavigation@3bfdc050]" name="testCollapseNavigationMenuSwipeAsAdmin_MOBI921" class="com.spredfast.qa.mobileauto.ios.tests.socialinbox.TestSocialInboxBasicNavigation"/>
        <method signature="TestSocialInboxBasicNavigation.testCollapsePublishMenuAsAdmin_MOBI1475()[pri:0, instance:com.spredfast.qa.mobileauto.ios.tests.socialinbox.TestSocialInboxBasicNavigation@3bfdc050]" name="testCollapsePublishMenuAsAdmin_MOBI1475" class="com.spredfast.qa.mobileauto.ios.tests.socialinbox.TestSocialInboxBasicNavigation"/>
        <method signature="TestSocialInboxBasicNavigation.testCollapsePublishMenuSwipeAsAdmin_MOBI1408()[pri:0, instance:com.spredfast.qa.mobileauto.ios.tests.socialinbox.TestSocialInboxBasicNavigation@3bfdc050]" name="testCollapsePublishMenuSwipeAsAdmin_MOBI1408" class="com.spredfast.qa.mobileauto.ios.tests.socialinbox.TestSocialInboxBasicNavigation"/>
        <method signature="TestSocialInboxBasicNavigation.testInitiativeSelectorAsAdmin_MOBI1206()[pri:0, instance:com.spredfast.qa.mobileauto.ios.tests.socialinbox.TestSocialInboxBasicNavigation@3bfdc050]" name="testInitiativeSelectorAsAdmin_MOBI1206" class="com.spredfast.qa.mobileauto.ios.tests.socialinbox.TestSocialInboxBasicNavigation"/>
      </group> <!-- basic_navigation -->
      <group name="regression">
        <method signature="TestApprovals.testApprovalsPageHasInitiativeSwitcherAsAdmin_MOBI2177()[pri:0, instance:com.spredfast.qa.mobileauto.ios.tests.publishing.approvals.TestApprovals@1bce4f0a]" name="testApprovalsPageHasInitiativeSwitcherAsAdmin_MOBI2177" class="com.spredfast.qa.mobileauto.ios.tests.publishing.approvals.TestApprovals"/>
        <method signature="TestApprovals.testApproveMessageApprovalPathAsAdmin_MOBI902()[pri:0, instance:com.spredfast.qa.mobileauto.ios.tests.publishing.approvals.TestApprovals@1bce4f0a]" name="testApproveMessageApprovalPathAsAdmin_MOBI902" class="com.spredfast.qa.mobileauto.ios.tests.publishing.approvals.TestApprovals"/>
        <method signature="TestApprovals.testApproveMessageIndividualApprovalPageAsAdmin_MOBI1409_MOBI1512()[pri:0, instance:com.spredfast.qa.mobileauto.ios.tests.publishing.approvals.TestApprovals@1bce4f0a]" name="testApproveMessageIndividualApprovalPageAsAdmin_MOBI1409_MOBI1512" class="com.spredfast.qa.mobileauto.ios.tests.publishing.approvals.TestApprovals"/>
        <method signature="TestApprovals.testComponentsOfPendingApprovalItemAsAdmin_MOBI1654()[pri:0, instance:com.spredfast.qa.mobileauto.ios.tests.publishing.approvals.TestApprovals@1bce4f0a]" name="testComponentsOfPendingApprovalItemAsAdmin_MOBI1654" class="com.spredfast.qa.mobileauto.ios.tests.publishing.approvals.TestApprovals"/>
        <method signature="TestApprovals.testExpandPostedByOnMessageIndividualApprovalPageAsAdmin_MOBI940()[pri:0, instance:com.spredfast.qa.mobileauto.ios.tests.publishing.approvals.TestApprovals@1bce4f0a]" name="testExpandPostedByOnMessageIndividualApprovalPageAsAdmin_MOBI940" class="com.spredfast.qa.mobileauto.ios.tests.publishing.approvals.TestApprovals"/>
        <method signature="TestApprovals.testNextPreviousReturnBackAsAdmin_MOBI904_MOBI678_MOBI1063()[pri:0, instance:com.spredfast.qa.mobileauto.ios.tests.publishing.approvals.TestApprovals@1bce4f0a]" name="testNextPreviousReturnBackAsAdmin_MOBI904_MOBI678_MOBI1063" class="com.spredfast.qa.mobileauto.ios.tests.publishing.approvals.TestApprovals"/>
        <method signature="TestApprovals.testNumberOnMessageIndividualApprovalPageAsAdmin_MOBI1651()[pri:0, instance:com.spredfast.qa.mobileauto.ios.tests.publishing.approvals.TestApprovals@1bce4f0a]" name="testNumberOnMessageIndividualApprovalPageAsAdmin_MOBI1651" class="com.spredfast.qa.mobileauto.ios.tests.publishing.approvals.TestApprovals"/>
        <method signature="TestApprovals.testRejectMessageIndividualApprovalPageAsAdmin_MOBI1534_MOBI1458_MOBI1202()[pri:0, instance:com.spredfast.qa.mobileauto.ios.tests.publishing.approvals.TestApprovals@1bce4f0a]" name="testRejectMessageIndividualApprovalPageAsAdmin_MOBI1534_MOBI1458_MOBI1202" class="com.spredfast.qa.mobileauto.ios.tests.publishing.approvals.TestApprovals"/>
        <method signature="TestApprovals.testStatesRejectCancelAsAdmin_MOBI1118_MOBI988_MOBI1078_MOBI949_MOBI1648()[pri:0, instance:com.spredfast.qa.mobileauto.ios.tests.publishing.approvals.TestApprovals@1bce4f0a]" name="testStatesRejectCancelAsAdmin_MOBI1118_MOBI988_MOBI1078_MOBI949_MOBI1648" class="com.spredfast.qa.mobileauto.ios.tests.publishing.approvals.TestApprovals"/>
        <method signature="TestCalendar.testCurrentDateSectionAsAdmin_MOBI1179_MOBI756()[pri:0, instance:com.spredfast.qa.mobileauto.ios.tests.publishing.calendar.TestCalendar@523884b2]" name="testCurrentDateSectionAsAdmin_MOBI1179_MOBI756" class="com.spredfast.qa.mobileauto.ios.tests.publishing.calendar.TestCalendar"/>
        <method signature="TestCalendar.testPublishButtonIsPresentAsAdmin_MOBI817(boolean, java.lang.String)[pri:0, instance:com.spredfast.qa.mobileauto.ios.tests.publishing.calendar.TestCalendar@523884b2]" name="testPublishButtonIsPresentAsAdmin_MOBI817" class="com.spredfast.qa.mobileauto.ios.tests.publishing.calendar.TestCalendar"/>
        <method signature="TestCalendar.testTodayButtonAsAdmin_MOBI1667_MOBI1342_MOBI818_MOBI945_MOBI1661()[pri:0, instance:com.spredfast.qa.mobileauto.ios.tests.publishing.calendar.TestCalendar@523884b2]" name="testTodayButtonAsAdmin_MOBI1667_MOBI1342_MOBI818_MOBI945_MOBI1661" class="com.spredfast.qa.mobileauto.ios.tests.publishing.calendar.TestCalendar"/>
        <method signature="TestCalendar.testTotalNumberOfItemsForTheDayAsAdmin_MOBI1119_MOBI1669()[pri:0, instance:com.spredfast.qa.mobileauto.ios.tests.publishing.calendar.TestCalendar@523884b2]" name="testTotalNumberOfItemsForTheDayAsAdmin_MOBI1119_MOBI1669" class="com.spredfast.qa.mobileauto.ios.tests.publishing.calendar.TestCalendar"/>
        <method signature="TestCalendarFiltersChannels.testFiltersChannelAsAdmin_MOBI2062_MOBI2186_MOBI2068_MOBI2231_MOBI2050(com.spredfast.qa.mobileauto.common.data.FilterOption, com.spredfast.qa.mobileauto.common.data.PublishingChannel)[pri:0, instance:com.spredfast.qa.mobileauto.ios.tests.publishing.calendar.TestCalendarFiltersChannels@5e3a8624]" name="testFiltersChannelAsAdmin_MOBI2062_MOBI2186_MOBI2068_MOBI2231_MOBI2050" class="com.spredfast.qa.mobileauto.ios.tests.publishing.calendar.TestCalendarFiltersChannels"/>
        <method signature="TestCalendarFiltersChannelsMultiple.testFiltersChannelMultipleAsAdmin_MOBI2109()[pri:0, instance:com.spredfast.qa.mobileauto.ios.tests.publishing.calendar.TestCalendarFiltersChannelsMultiple@5c3bd550]" name="testFiltersChannelMultipleAsAdmin_MOBI2109" class="com.spredfast.qa.mobileauto.ios.tests.publishing.calendar.TestCalendarFiltersChannelsMultiple"/>
        <method signature="TestCalendarFiltersStatuses.testFiltersMessageStatusAsAdmin_MOBI2031_MOBI2128_MOBI2230_MOBI2310_MOBI2056_MOBI2301_MOBI2064_MOBI2032(com.spredfast.qa.mobileauto.common.data.FilterOption, com.spredfast.qa.mobileauto.common.data.MessageStatus)[pri:0, instance:com.spredfast.qa.mobileauto.ios.tests.publishing.calendar.TestCalendarFiltersStatuses@91161c7]" name="testFiltersMessageStatusAsAdmin_MOBI2031_MOBI2128_MOBI2230_MOBI2310_MOBI2056_MOBI2301_MOBI2064_MOBI2032" class="com.spredfast.qa.mobileauto.ios.tests.publishing.calendar.TestCalendarFiltersStatuses"/>
        <method signature="TestCalendarFiltersStatusesMultiple.testFiltersMessageStatusesMultipleAsAdmin_MOBI2268()[pri:0, instance:com.spredfast.qa.mobileauto.ios.tests.publishing.calendar.TestCalendarFiltersStatusesMultiple@685cb137]" name="testFiltersMessageStatusesMultipleAsAdmin_MOBI2268" class="com.spredfast.qa.mobileauto.ios.tests.publishing.calendar.TestCalendarFiltersStatusesMultiple"/>
        <method signature="TestCalendarMessage.testMessageDetailsAsCompanyAdmin_MOBI1539_MOBI1417_MOBI729_MOBI984_MOBI858_MOBI1383_MOBI1288_MOBI1521()[pri:0, instance:com.spredfast.qa.mobileauto.ios.tests.publishing.calendar.TestCalendarMessage@3e6fa38a]" name="testMessageDetailsAsCompanyAdmin_MOBI1539_MOBI1417_MOBI729_MOBI984_MOBI858_MOBI1383_MOBI1288_MOBI1521" class="com.spredfast.qa.mobileauto.ios.tests.publishing.calendar.TestCalendarMessage"/>
        <method signature="TestCalendarMessage.testMessagePaperClipAsAdmin_MOBI1064_MOBI1394_MOBI1138_MOBI790()[pri:0, instance:com.spredfast.qa.mobileauto.ios.tests.publishing.calendar.TestCalendarMessage@3e6fa38a]" name="testMessagePaperClipAsAdmin_MOBI1064_MOBI1394_MOBI1138_MOBI790" class="com.spredfast.qa.mobileauto.ios.tests.publishing.calendar.TestCalendarMessage"/>
        <method signature="TestCalendarMessageDetails.testMessageDetailsHourlyAsAdmin_MOBI2175()[pri:0, instance:com.spredfast.qa.mobileauto.ios.tests.publishing.calendar.TestCalendarMessageDetails@47c62251]" name="testMessageDetailsHourlyAsAdmin_MOBI2175" class="com.spredfast.qa.mobileauto.ios.tests.publishing.calendar.TestCalendarMessageDetails"/>
        <method signature="TestLogIn.testAppIsDefaultEnv_MOBI1722()[pri:0, instance:com.spredfast.qa.mobileauto.common.tests.TestLogIn@7cd62f43]" name="testAppIsDefaultEnv_MOBI1722" class="com.spredfast.qa.mobileauto.common.tests.TestLogIn"/>
        <method signature="TestLogIn.testForgotPasswordActive_MOBI1775()[pri:0, instance:com.spredfast.qa.mobileauto.common.tests.TestLogIn@7cd62f43]" name="testForgotPasswordActive_MOBI1775" class="com.spredfast.qa.mobileauto.common.tests.TestLogIn"/>
        <method signature="TestLogIn.testForgotPasswordInvalidEmail_MOBI1723(java.lang.String, java.lang.String)[pri:0, instance:com.spredfast.qa.mobileauto.common.tests.TestLogIn@7cd62f43]" name="testForgotPasswordInvalidEmail_MOBI1723" class="com.spredfast.qa.mobileauto.common.tests.TestLogIn"/>
        <method signature="TestLogIn.testLogInFailed_MOBI1709_MOBI1822_MOBI1712(java.lang.String, java.lang.String, java.lang.String, java.lang.String)[pri:0, instance:com.spredfast.qa.mobileauto.common.tests.TestLogIn@7cd62f43]" name="testLogInFailed_MOBI1709_MOBI1822_MOBI1712" class="com.spredfast.qa.mobileauto.common.tests.TestLogIn"/>
        <method signature="TestLogIn.testSelectEnvironmentAndLogInAsAdmin_MOBI1720_MOBI1821_MOBI1796_MOBI1717_MOBI1835()[pri:0, instance:com.spredfast.qa.mobileauto.common.tests.TestLogIn@7cd62f43]" name="testSelectEnvironmentAndLogInAsAdmin_MOBI1720_MOBI1821_MOBI1796_MOBI1717_MOBI1835" class="com.spredfast.qa.mobileauto.common.tests.TestLogIn"/>
        <method signature="TestLogIn.testURLNoAccessAsAdmin_MOBI1838_MOBI1861(com.spredfast.qa.mobileauto.common.data.Environment, java.lang.String, java.lang.String)[pri:0, instance:com.spredfast.qa.mobileauto.common.tests.TestLogIn@7cd62f43]" name="testURLNoAccessAsAdmin_MOBI1838_MOBI1861" class="com.spredfast.qa.mobileauto.common.tests.TestLogIn"/>
        <method signature="TestLogIn.testUserCanSelectAppropriateEnvironment_MOBI1805()[pri:0, instance:com.spredfast.qa.mobileauto.common.tests.TestLogIn@7cd62f43]" name="testUserCanSelectAppropriateEnvironment_MOBI1805" class="com.spredfast.qa.mobileauto.common.tests.TestLogIn"/>
        <method signature="TestPublishMessage.testPublishFacebookMessageAsAdmin_MOBI2008_MOBI939_MOBI799_MOBI1913_MOBI1940_MOBI1873()[pri:0, instance:com.spredfast.qa.mobileauto.common.tests.publishing.general.TestPublishMessage@6a4f787b]" name="testPublishFacebookMessageAsAdmin_MOBI2008_MOBI939_MOBI799_MOBI1913_MOBI1940_MOBI1873" class="com.spredfast.qa.mobileauto.common.tests.publishing.general.TestPublishMessage"/>
        <method signature="TestPublishMessage.testPublishGooglePlusMessageAsAdmin_MOBI2194_MOBI1269_MOBI1145_MOBI1913_MOBI1940_MOBI1866()[pri:0, instance:com.spredfast.qa.mobileauto.common.tests.publishing.general.TestPublishMessage@6a4f787b]" name="testPublishGooglePlusMessageAsAdmin_MOBI2194_MOBI1269_MOBI1145_MOBI1913_MOBI1940_MOBI1866" class="com.spredfast.qa.mobileauto.common.tests.publishing.general.TestPublishMessage"/>
        <method signature="TestPublishMessage.testPublishLinkedInMessageAsAdmin_MOBI1051_MOBI1660_MOBI1200_MOBI1913_MOBI1940_MOBI1871()[pri:0, instance:com.spredfast.qa.mobileauto.common.tests.publishing.general.TestPublishMessage@6a4f787b]" name="testPublishLinkedInMessageAsAdmin_MOBI1051_MOBI1660_MOBI1200_MOBI1913_MOBI1940_MOBI1871" class="com.spredfast.qa.mobileauto.common.tests.publishing.general.TestPublishMessage"/>
        <method signature="TestPublishMessage.testPublishTwitterMessageAsAdmin_MOBI1527_MOBI1624_MOBI886_MOBI1913_MOBI1940_MOBI1874()[pri:0, instance:com.spredfast.qa.mobileauto.common.tests.publishing.general.TestPublishMessage@6a4f787b]" name="testPublishTwitterMessageAsAdmin_MOBI1527_MOBI1624_MOBI886_MOBI1913_MOBI1940_MOBI1874" class="com.spredfast.qa.mobileauto.common.tests.publishing.general.TestPublishMessage"/>
        <method signature="TestPublishMisc.testAddingPhotoForTwitterDecrementsAvailableCharactersValue_MOBI1338()[pri:0, instance:com.spredfast.qa.mobileauto.ios.tests.publishing.general.TestPublishMiscIOS@66a3ffec]" name="testAddingPhotoForTwitterDecrementsAvailableCharactersValue_MOBI1338" class="com.spredfast.qa.mobileauto.common.tests.publishing.general.TestPublishMisc"/>
        <method signature="TestPublishMisc.testPublishBackButtonAsAdmin_MOBI1868()[pri:0, instance:com.spredfast.qa.mobileauto.ios.tests.publishing.general.TestPublishMiscIOS@66a3ffec]" name="testPublishBackButtonAsAdmin_MOBI1868" class="com.spredfast.qa.mobileauto.common.tests.publishing.general.TestPublishMisc"/>
        <method signature="TestPublishMisc.testPublishButtonDisabledWith141CharacterMessageTextAsAdmin_MOBI1418_MOBI674()[pri:0, instance:com.spredfast.qa.mobileauto.ios.tests.publishing.general.TestPublishMiscIOS@66a3ffec]" name="testPublishButtonDisabledWith141CharacterMessageTextAsAdmin_MOBI1418_MOBI674" class="com.spredfast.qa.mobileauto.common.tests.publishing.general.TestPublishMisc"/>
        <method signature="TestPublishMisc.testPublishButtonDisabledWithEmptyMessageTextAsAdmin_MOBI1108_MOBI665()[pri:0, instance:com.spredfast.qa.mobileauto.ios.tests.publishing.general.TestPublishMiscIOS@66a3ffec]" name="testPublishButtonDisabledWithEmptyMessageTextAsAdmin_MOBI1108_MOBI665" class="com.spredfast.qa.mobileauto.common.tests.publishing.general.TestPublishMisc"/>
        <method signature="TestPublishMisc.testPublishTwitterMessage140CharsAsAdmin_MOBI697_MOBI654()[pri:0, instance:com.spredfast.qa.mobileauto.ios.tests.publishing.general.TestPublishMiscIOS@66a3ffec]" name="testPublishTwitterMessage140CharsAsAdmin_MOBI697_MOBI654" class="com.spredfast.qa.mobileauto.common.tests.publishing.general.TestPublishMisc"/>
        <method signature="TestPublishMisc.testPublishTwitterMessageWithoutTitleAsAdmin_MOBI1187()[pri:0, instance:com.spredfast.qa.mobileauto.ios.tests.publishing.general.TestPublishMiscIOS@66a3ffec]" name="testPublishTwitterMessageWithoutTitleAsAdmin_MOBI1187" class="com.spredfast.qa.mobileauto.common.tests.publishing.general.TestPublishMisc"/>
        <method signature="TestPublishMisc.testPublishWithPhotoAsAdmin_MOBI741_MOBI1927()[pri:0, instance:com.spredfast.qa.mobileauto.ios.tests.publishing.general.TestPublishMiscIOS@66a3ffec]" name="testPublishWithPhotoAsAdmin_MOBI741_MOBI1927" class="com.spredfast.qa.mobileauto.common.tests.publishing.general.TestPublishMisc"/>
        <method signature="TestPublishMiscIOS.testPublishButtonIsNotDisplayedWhenUserIsViewer_MOBI1505()[pri:0, instance:com.spredfast.qa.mobileauto.ios.tests.publishing.general.TestPublishMiscIOS@66a3ffec]" name="testPublishButtonIsNotDisplayedWhenUserIsViewer_MOBI1505" class="com.spredfast.qa.mobileauto.ios.tests.publishing.general.TestPublishMiscIOS"/>
        <method signature="TestPublishMiscIOS.testPublishButtonIsReplacedWithSubmitButton_MOBI700()[pri:0, instance:com.spredfast.qa.mobileauto.ios.tests.publishing.general.TestPublishMiscIOS@66a3ffec]" name="testPublishButtonIsReplacedWithSubmitButton_MOBI700" class="com.spredfast.qa.mobileauto.ios.tests.publishing.general.TestPublishMiscIOS"/>
        <method signature="TestPublishMiscIOS.testUserIsAbleToSaveMessageAsDraft()[pri:0, instance:com.spredfast.qa.mobileauto.ios.tests.publishing.general.TestPublishMiscIOS@66a3ffec]" name="testUserIsAbleToSaveMessageAsDraft" class="com.spredfast.qa.mobileauto.ios.tests.publishing.general.TestPublishMiscIOS"/>
        <method signature="TestPublishSeveralAccounts.testAddAnotherFacebookAccountToMessageAsAdmin_MOBI769()[pri:0, instance:com.spredfast.qa.mobileauto.common.tests.publishing.general.TestPublishSeveralAccounts@1e88b3c]" name="testAddAnotherFacebookAccountToMessageAsAdmin_MOBI769" class="com.spredfast.qa.mobileauto.common.tests.publishing.general.TestPublishSeveralAccounts"/>
        <method signature="TestPublishSeveralAccounts.testAddAnotherTwitterAccountToMessageAsAdmin_MOBI1588()[pri:0, instance:com.spredfast.qa.mobileauto.common.tests.publishing.general.TestPublishSeveralAccounts@1e88b3c]" name="testAddAnotherTwitterAccountToMessageAsAdmin_MOBI1588" class="com.spredfast.qa.mobileauto.common.tests.publishing.general.TestPublishSeveralAccounts"/>
        <method signature="TestPublishSeveralAccounts.testAddThreeLinkedInAccountsToMessageAsAdmin_MOBI1560()[pri:0, instance:com.spredfast.qa.mobileauto.common.tests.publishing.general.TestPublishSeveralAccounts@1e88b3c]" name="testAddThreeLinkedInAccountsToMessageAsAdmin_MOBI1560" class="com.spredfast.qa.mobileauto.common.tests.publishing.general.TestPublishSeveralAccounts"/>
        <method signature="TestPublishSeveralAccounts.testChangeChannelAddSeveralAccountsAsAdmin_MOBI1105()[pri:0, instance:com.spredfast.qa.mobileauto.common.tests.publishing.general.TestPublishSeveralAccounts@1e88b3c]" name="testChangeChannelAddSeveralAccountsAsAdmin_MOBI1105" class="com.spredfast.qa.mobileauto.common.tests.publishing.general.TestPublishSeveralAccounts"/>
        <method signature="TestPublishSwitchChannel.testSwitchingChannelSavesNonChannelInfoAsAdmin_MOBI1019()[pri:0, instance:com.spredfast.qa.mobileauto.common.tests.publishing.general.TestPublishSwitchChannel@42d80b78]" name="testSwitchingChannelSavesNonChannelInfoAsAdmin_MOBI1019" class="com.spredfast.qa.mobileauto.common.tests.publishing.general.TestPublishSwitchChannel"/>
        <method signature="TestPublishSwitchChannel.testSwitchingChannelSavesNonChannelInfoAsAdmin_MOBI1192()[pri:0, instance:com.spredfast.qa.mobileauto.common.tests.publishing.general.TestPublishSwitchChannel@42d80b78]" name="testSwitchingChannelSavesNonChannelInfoAsAdmin_MOBI1192" class="com.spredfast.qa.mobileauto.common.tests.publishing.general.TestPublishSwitchChannel"/>
        <method signature="TestPublishSwitchChannel.testSwitchingChannelSavesNonChannelInfoAsAdmin_MOBI731()[pri:0, instance:com.spredfast.qa.mobileauto.common.tests.publishing.general.TestPublishSwitchChannel@42d80b78]" name="testSwitchingChannelSavesNonChannelInfoAsAdmin_MOBI731" class="com.spredfast.qa.mobileauto.common.tests.publishing.general.TestPublishSwitchChannel"/>
        <method signature="TestPublishSwitchChannel.testSwitchingToLinkedInDoesNotSavePhotoAsAdmin_MOBI1461()[pri:0, instance:com.spredfast.qa.mobileauto.common.tests.publishing.general.TestPublishSwitchChannel@42d80b78]" name="testSwitchingToLinkedInDoesNotSavePhotoAsAdmin_MOBI1461" class="com.spredfast.qa.mobileauto.common.tests.publishing.general.TestPublishSwitchChannel"/>
        <method signature="TestSocialInboxBasicNavigation.testCollapseNavigationMenuAsAdmin_MOBI1404()[pri:0, instance:com.spredfast.qa.mobileauto.ios.tests.socialinbox.TestSocialInboxBasicNavigation@3bfdc050]" name="testCollapseNavigationMenuAsAdmin_MOBI1404" class="com.spredfast.qa.mobileauto.ios.tests.socialinbox.TestSocialInboxBasicNavigation"/>
        <method signature="TestSocialInboxBasicNavigation.testCollapseNavigationMenuSwipeAsAdmin_MOBI921()[pri:0, instance:com.spredfast.qa.mobileauto.ios.tests.socialinbox.TestSocialInboxBasicNavigation@3bfdc050]" name="testCollapseNavigationMenuSwipeAsAdmin_MOBI921" class="com.spredfast.qa.mobileauto.ios.tests.socialinbox.TestSocialInboxBasicNavigation"/>
        <method signature="TestSocialInboxBasicNavigation.testCollapsePublishMenuAsAdmin_MOBI1475()[pri:0, instance:com.spredfast.qa.mobileauto.ios.tests.socialinbox.TestSocialInboxBasicNavigation@3bfdc050]" name="testCollapsePublishMenuAsAdmin_MOBI1475" class="com.spredfast.qa.mobileauto.ios.tests.socialinbox.TestSocialInboxBasicNavigation"/>
        <method signature="TestSocialInboxBasicNavigation.testCollapsePublishMenuSwipeAsAdmin_MOBI1408()[pri:0, instance:com.spredfast.qa.mobileauto.ios.tests.socialinbox.TestSocialInboxBasicNavigation@3bfdc050]" name="testCollapsePublishMenuSwipeAsAdmin_MOBI1408" class="com.spredfast.qa.mobileauto.ios.tests.socialinbox.TestSocialInboxBasicNavigation"/>
        <method signature="TestSocialInboxBasicNavigation.testInitiativeSelectorAsAdmin_MOBI1206()[pri:0, instance:com.spredfast.qa.mobileauto.ios.tests.socialinbox.TestSocialInboxBasicNavigation@3bfdc050]" name="testInitiativeSelectorAsAdmin_MOBI1206" class="com.spredfast.qa.mobileauto.ios.tests.socialinbox.TestSocialInboxBasicNavigation"/>
        <method signature="TestSocialInboxInitiativeSwitcher.testCloseInitiativeDropDownClickAwayAsAdmin_MOBI1017()[pri:0, instance:com.spredfast.qa.mobileauto.ios.tests.socialinbox.TestSocialInboxInitiativeSwitcher@77caeb3e]" name="testCloseInitiativeDropDownClickAwayAsAdmin_MOBI1017" class="com.spredfast.qa.mobileauto.ios.tests.socialinbox.TestSocialInboxInitiativeSwitcher"/>
        <method signature="TestSocialInboxInitiativeSwitcher.testCloseInitiativeDropDownClickSwitcherAsAdmin_MOBI1017()[pri:0, instance:com.spredfast.qa.mobileauto.ios.tests.socialinbox.TestSocialInboxInitiativeSwitcher@77caeb3e]" name="testCloseInitiativeDropDownClickSwitcherAsAdmin_MOBI1017" class="com.spredfast.qa.mobileauto.ios.tests.socialinbox.TestSocialInboxInitiativeSwitcher"/>
        <method signature="TestSocialInboxInitiativeSwitcher.testSwitchInitiativeAsCompanyAdmin_MOBI1267_MOBI1633()[pri:0, instance:com.spredfast.qa.mobileauto.ios.tests.socialinbox.TestSocialInboxInitiativeSwitcher@77caeb3e]" name="testSwitchInitiativeAsCompanyAdmin_MOBI1267_MOBI1633" class="com.spredfast.qa.mobileauto.ios.tests.socialinbox.TestSocialInboxInitiativeSwitcher"/>
        <method signature="TestSocialInboxPrimaryStream.testPrimaryHighlightedStreamsAsAdmin_MOBI865()[pri:0, instance:com.spredfast.qa.mobileauto.ios.tests.socialinbox.TestSocialInboxPrimaryStream@604ed9f0]" name="testPrimaryHighlightedStreamsAsAdmin_MOBI865" class="com.spredfast.qa.mobileauto.ios.tests.socialinbox.TestSocialInboxPrimaryStream"/>
        <method signature="TestSocialInboxPrimaryStream.testUserCanScrollStreamAsAdmin_MOBI1397()[pri:0, instance:com.spredfast.qa.mobileauto.ios.tests.socialinbox.TestSocialInboxPrimaryStream@604ed9f0]" name="testUserCanScrollStreamAsAdmin_MOBI1397" class="com.spredfast.qa.mobileauto.ios.tests.socialinbox.TestSocialInboxPrimaryStream"/>
      </group> <!-- regression -->
      <group name="approvals">
        <method signature="TestApprovals.testApprovalsPageHasInitiativeSwitcherAsAdmin_MOBI2177()[pri:0, instance:com.spredfast.qa.mobileauto.ios.tests.publishing.approvals.TestApprovals@1bce4f0a]" name="testApprovalsPageHasInitiativeSwitcherAsAdmin_MOBI2177" class="com.spredfast.qa.mobileauto.ios.tests.publishing.approvals.TestApprovals"/>
        <method signature="TestApprovals.testApproveMessageApprovalPathAsAdmin_MOBI902()[pri:0, instance:com.spredfast.qa.mobileauto.ios.tests.publishing.approvals.TestApprovals@1bce4f0a]" name="testApproveMessageApprovalPathAsAdmin_MOBI902" class="com.spredfast.qa.mobileauto.ios.tests.publishing.approvals.TestApprovals"/>
        <method signature="TestApprovals.testApproveMessageIndividualApprovalPageAsAdmin_MOBI1409_MOBI1512()[pri:0, instance:com.spredfast.qa.mobileauto.ios.tests.publishing.approvals.TestApprovals@1bce4f0a]" name="testApproveMessageIndividualApprovalPageAsAdmin_MOBI1409_MOBI1512" class="com.spredfast.qa.mobileauto.ios.tests.publishing.approvals.TestApprovals"/>
        <method signature="TestApprovals.testComponentsOfPendingApprovalItemAsAdmin_MOBI1654()[pri:0, instance:com.spredfast.qa.mobileauto.ios.tests.publishing.approvals.TestApprovals@1bce4f0a]" name="testComponentsOfPendingApprovalItemAsAdmin_MOBI1654" class="com.spredfast.qa.mobileauto.ios.tests.publishing.approvals.TestApprovals"/>
        <method signature="TestApprovals.testExpandPostedByOnMessageIndividualApprovalPageAsAdmin_MOBI940()[pri:0, instance:com.spredfast.qa.mobileauto.ios.tests.publishing.approvals.TestApprovals@1bce4f0a]" name="testExpandPostedByOnMessageIndividualApprovalPageAsAdmin_MOBI940" class="com.spredfast.qa.mobileauto.ios.tests.publishing.approvals.TestApprovals"/>
        <method signature="TestApprovals.testNextPreviousReturnBackAsAdmin_MOBI904_MOBI678_MOBI1063()[pri:0, instance:com.spredfast.qa.mobileauto.ios.tests.publishing.approvals.TestApprovals@1bce4f0a]" name="testNextPreviousReturnBackAsAdmin_MOBI904_MOBI678_MOBI1063" class="com.spredfast.qa.mobileauto.ios.tests.publishing.approvals.TestApprovals"/>
        <method signature="TestApprovals.testNumberOnMessageIndividualApprovalPageAsAdmin_MOBI1651()[pri:0, instance:com.spredfast.qa.mobileauto.ios.tests.publishing.approvals.TestApprovals@1bce4f0a]" name="testNumberOnMessageIndividualApprovalPageAsAdmin_MOBI1651" class="com.spredfast.qa.mobileauto.ios.tests.publishing.approvals.TestApprovals"/>
        <method signature="TestApprovals.testRejectMessageIndividualApprovalPageAsAdmin_MOBI1534_MOBI1458_MOBI1202()[pri:0, instance:com.spredfast.qa.mobileauto.ios.tests.publishing.approvals.TestApprovals@1bce4f0a]" name="testRejectMessageIndividualApprovalPageAsAdmin_MOBI1534_MOBI1458_MOBI1202" class="com.spredfast.qa.mobileauto.ios.tests.publishing.approvals.TestApprovals"/>
        <method signature="TestApprovals.testStatesRejectCancelAsAdmin_MOBI1118_MOBI988_MOBI1078_MOBI949_MOBI1648()[pri:0, instance:com.spredfast.qa.mobileauto.ios.tests.publishing.approvals.TestApprovals@1bce4f0a]" name="testStatesRejectCancelAsAdmin_MOBI1118_MOBI988_MOBI1078_MOBI949_MOBI1648" class="com.spredfast.qa.mobileauto.ios.tests.publishing.approvals.TestApprovals"/>
      </group> <!-- approvals -->
      <group name="message_details">
        <method signature="TestCalendarMessageDetails.testMessageDetailsHourlyAsAdmin_MOBI2175()[pri:0, instance:com.spredfast.qa.mobileauto.ios.tests.publishing.calendar.TestCalendarMessageDetails@47c62251]" name="testMessageDetailsHourlyAsAdmin_MOBI2175" class="com.spredfast.qa.mobileauto.ios.tests.publishing.calendar.TestCalendarMessageDetails"/>
      </group> <!-- message_details -->
      <group name="initiative_switcher">
        <method signature="TestSocialInboxInitiativeSwitcher.testCloseInitiativeDropDownClickAwayAsAdmin_MOBI1017()[pri:0, instance:com.spredfast.qa.mobileauto.ios.tests.socialinbox.TestSocialInboxInitiativeSwitcher@77caeb3e]" name="testCloseInitiativeDropDownClickAwayAsAdmin_MOBI1017" class="com.spredfast.qa.mobileauto.ios.tests.socialinbox.TestSocialInboxInitiativeSwitcher"/>
        <method signature="TestSocialInboxInitiativeSwitcher.testCloseInitiativeDropDownClickSwitcherAsAdmin_MOBI1017()[pri:0, instance:com.spredfast.qa.mobileauto.ios.tests.socialinbox.TestSocialInboxInitiativeSwitcher@77caeb3e]" name="testCloseInitiativeDropDownClickSwitcherAsAdmin_MOBI1017" class="com.spredfast.qa.mobileauto.ios.tests.socialinbox.TestSocialInboxInitiativeSwitcher"/>
        <method signature="TestSocialInboxInitiativeSwitcher.testSwitchInitiativeAsCompanyAdmin_MOBI1267_MOBI1633()[pri:0, instance:com.spredfast.qa.mobileauto.ios.tests.socialinbox.TestSocialInboxInitiativeSwitcher@77caeb3e]" name="testSwitchInitiativeAsCompanyAdmin_MOBI1267_MOBI1633" class="com.spredfast.qa.mobileauto.ios.tests.socialinbox.TestSocialInboxInitiativeSwitcher"/>
      </group> <!-- initiative_switcher -->
      <group name="hourly">
        <method signature="TestCalendar.testCurrentDateSectionAsAdmin_MOBI1179_MOBI756()[pri:0, instance:com.spredfast.qa.mobileauto.ios.tests.publishing.calendar.TestCalendar@523884b2]" name="testCurrentDateSectionAsAdmin_MOBI1179_MOBI756" class="com.spredfast.qa.mobileauto.ios.tests.publishing.calendar.TestCalendar"/>
        <method signature="TestCalendar.testTodayButtonAsAdmin_MOBI1667_MOBI1342_MOBI818_MOBI945_MOBI1661()[pri:0, instance:com.spredfast.qa.mobileauto.ios.tests.publishing.calendar.TestCalendar@523884b2]" name="testTodayButtonAsAdmin_MOBI1667_MOBI1342_MOBI818_MOBI945_MOBI1661" class="com.spredfast.qa.mobileauto.ios.tests.publishing.calendar.TestCalendar"/>
        <method signature="TestCalendar.testTotalNumberOfItemsForTheDayAsAdmin_MOBI1119_MOBI1669()[pri:0, instance:com.spredfast.qa.mobileauto.ios.tests.publishing.calendar.TestCalendar@523884b2]" name="testTotalNumberOfItemsForTheDayAsAdmin_MOBI1119_MOBI1669" class="com.spredfast.qa.mobileauto.ios.tests.publishing.calendar.TestCalendar"/>
        <method signature="TestCalendarMessage.testMessageDetailsAsCompanyAdmin_MOBI1539_MOBI1417_MOBI729_MOBI984_MOBI858_MOBI1383_MOBI1288_MOBI1521()[pri:0, instance:com.spredfast.qa.mobileauto.ios.tests.publishing.calendar.TestCalendarMessage@3e6fa38a]" name="testMessageDetailsAsCompanyAdmin_MOBI1539_MOBI1417_MOBI729_MOBI984_MOBI858_MOBI1383_MOBI1288_MOBI1521" class="com.spredfast.qa.mobileauto.ios.tests.publishing.calendar.TestCalendarMessage"/>
        <method signature="TestCalendarMessage.testMessagePaperClipAsAdmin_MOBI1064_MOBI1394_MOBI1138_MOBI790()[pri:0, instance:com.spredfast.qa.mobileauto.ios.tests.publishing.calendar.TestCalendarMessage@3e6fa38a]" name="testMessagePaperClipAsAdmin_MOBI1064_MOBI1394_MOBI1138_MOBI790" class="com.spredfast.qa.mobileauto.ios.tests.publishing.calendar.TestCalendarMessage"/>
      </group> <!-- hourly -->
      <group name="forgot_password">
        <method signature="TestLogIn.testForgotPasswordActive_MOBI1775()[pri:0, instance:com.spredfast.qa.mobileauto.common.tests.TestLogIn@7cd62f43]" name="testForgotPasswordActive_MOBI1775" class="com.spredfast.qa.mobileauto.common.tests.TestLogIn"/>
        <method signature="TestLogIn.testForgotPasswordInvalidEmail_MOBI1723(java.lang.String, java.lang.String)[pri:0, instance:com.spredfast.qa.mobileauto.common.tests.TestLogIn@7cd62f43]" name="testForgotPasswordInvalidEmail_MOBI1723" class="com.spredfast.qa.mobileauto.common.tests.TestLogIn"/>
      </group> <!-- forgot_password -->
    </groups>
    <test name="Surefire test" duration-ms="2932120" started-at="2015-02-27T14:47:11Z" finished-at="2015-02-27T15:36:03Z">
      <class name="com.spredfast.qa.mobileauto.ios.tests.publishing.calendar.TestCalendar">
        <test-method status="PASS" signature="setUp(java.lang.reflect.Method)[pri:0, instance:com.spredfast.qa.mobileauto.ios.tests.publishing.calendar.TestCalendar@523884b2]" name="setUp" is-config="true" duration-ms="90358" started-at="2015-02-27T08:47:11Z" finished-at="2015-02-27T08:48:41Z">
          <params>
            <param index="0">
              <value>
                <![CDATA[public void com.spredfast.qa.mobileauto.ios.tests.publishing.calendar.TestCalendar.testCurrentDateSectionAsAdmin_MOBI1179_MOBI756()]]>
              </value>
            </param>
          </params>
          <reporter-output>
          </reporter-output>
        </test-method> <!-- setUp -->
        <test-method status="PASS" signature="testCurrentDateSectionAsAdmin_MOBI1179_MOBI756()[pri:0, instance:com.spredfast.qa.mobileauto.ios.tests.publishing.calendar.TestCalendar@523884b2]" name="testCurrentDateSectionAsAdmin_MOBI1179_MOBI756" duration-ms="61952" started-at="2015-02-27T08:48:41Z" finished-at="2015-02-27T08:49:43Z">
          <reporter-output>
          </reporter-output>
        </test-method> <!-- testCurrentDateSectionAsAdmin_MOBI1179_MOBI756 -->
        <test-method status="PASS" signature="tearDown(org.testng.ITestResult)[pri:0, instance:com.spredfast.qa.mobileauto.ios.tests.publishing.calendar.TestCalendar@523884b2]" name="tearDown" is-config="true" duration-ms="233" started-at="2015-02-27T08:49:44Z" finished-at="2015-02-27T08:49:44Z">
          <params>
            <param index="0">
              <value>
                <![CDATA[[TestResult name=testCurrentDateSectionAsAdmin_MOBI1179_MOBI756 status=SUCCESS method=TestCalendar.testCurrentDateSectionAsAdmin_MOBI1179_MOBI756()[pri:0, instance:com.spredfast.qa.mobileauto.ios.tests.publishing.calendar.TestCalendar@523884b2] output={null}]]]>
              </value>
            </param>
          </params>
          <reporter-output>
          </reporter-output>
        </test-method> <!-- tearDown -->
        <test-method status="PASS" signature="setUp(java.lang.reflect.Method)[pri:0, instance:com.spredfast.qa.mobileauto.ios.tests.publishing.calendar.TestCalendar@523884b2]" name="setUp" is-config="true" duration-ms="77898" started-at="2015-02-27T08:49:44Z" finished-at="2015-02-27T08:51:02Z">
          <params>
            <param index="0">
              <value>
                <![CDATA[public void com.spredfast.qa.mobileauto.ios.tests.publishing.calendar.TestCalendar.testPublishButtonIsPresentAsAdmin_MOBI817(boolean,java.lang.String)]]>
              </value>
            </param>
          </params>
          <reporter-output>
          </reporter-output>
        </test-method> <!-- setUp -->
        <test-method status="PASS" signature="testPublishButtonIsPresentAsAdmin_MOBI817(boolean, java.lang.String)[pri:0, instance:com.spredfast.qa.mobileauto.ios.tests.publishing.calendar.TestCalendar@523884b2]" name="testPublishButtonIsPresentAsAdmin_MOBI817" duration-ms="109458" started-at="2015-02-27T08:51:02Z" data-provider="publishingButtonDataProvider" finished-at="2015-02-27T08:52:51Z">
          <params>
            <param index="0">
              <value>
                <![CDATA[false]]>
              </value>
            </param>
            <param index="1">
              <value>
                <![CDATA[MOBI-1191]]>
              </value>
            </param>
          </params>
          <reporter-output>
          </reporter-output>
        </test-method> <!-- testPublishButtonIsPresentAsAdmin_MOBI817 -->
        <test-method status="PASS" signature="tearDown(org.testng.ITestResult)[pri:0, instance:com.spredfast.qa.mobileauto.ios.tests.publishing.calendar.TestCalendar@523884b2]" name="tearDown" is-config="true" duration-ms="234" started-at="2015-02-27T08:52:52Z" finished-at="2015-02-27T08:52:52Z">
          <params>
            <param index="0">
              <value>
                <![CDATA[[TestResult name=testPublishButtonIsPresentAsAdmin_MOBI817 status=SUCCESS method=TestCalendar.testPublishButtonIsPresentAsAdmin_MOBI817(boolean, java.lang.String)[pri:0, instance:com.spredfast.qa.mobileauto.ios.tests.publishing.calendar.TestCalendar@523884b2] output={null}]]]>
              </value>
            </param>
          </params>
          <reporter-output>
          </reporter-output>
        </test-method> <!-- tearDown -->
        <test-method status="PASS" signature="setUp(java.lang.reflect.Method)[pri:0, instance:com.spredfast.qa.mobileauto.ios.tests.publishing.calendar.TestCalendar@523884b2]" name="setUp" is-config="true" duration-ms="100818" started-at="2015-02-27T08:52:52Z" finished-at="2015-02-27T08:54:33Z">
          <params>
            <param index="0">
              <value>
                <![CDATA[public void com.spredfast.qa.mobileauto.ios.tests.publishing.calendar.TestCalendar.testPublishButtonIsPresentAsAdmin_MOBI817(boolean,java.lang.String)]]>
              </value>
            </param>
          </params>
          <reporter-output>
          </reporter-output>
        </test-method> <!-- setUp -->
        <test-method status="PASS" signature="testPublishButtonIsPresentAsAdmin_MOBI817(boolean, java.lang.String)[pri:0, instance:com.spredfast.qa.mobileauto.ios.tests.publishing.calendar.TestCalendar@523884b2]" name="testPublishButtonIsPresentAsAdmin_MOBI817" duration-ms="97521" started-at="2015-02-27T08:54:33Z" data-provider="publishingButtonDataProvider" finished-at="2015-02-27T08:56:10Z">
          <params>
            <param index="0">
              <value>
                <![CDATA[true]]>
              </value>
            </param>
            <param index="1">
              <value>
                <![CDATA[MOBI-2175]]>
              </value>
            </param>
          </params>
          <reporter-output>
          </reporter-output>
        </test-method> <!-- testPublishButtonIsPresentAsAdmin_MOBI817 -->
        <test-method status="PASS" signature="tearDown(org.testng.ITestResult)[pri:0, instance:com.spredfast.qa.mobileauto.ios.tests.publishing.calendar.TestCalendar@523884b2]" name="tearDown" is-config="true" duration-ms="246" started-at="2015-02-27T08:56:12Z" finished-at="2015-02-27T08:56:12Z">
          <params>
            <param index="0">
              <value>
                <![CDATA[[TestResult name=testPublishButtonIsPresentAsAdmin_MOBI817 status=SUCCESS method=TestCalendar.testPublishButtonIsPresentAsAdmin_MOBI817(boolean, java.lang.String)[pri:0, instance:com.spredfast.qa.mobileauto.ios.tests.publishing.calendar.TestCalendar@523884b2] output={null}]]]>
              </value>
            </param>
          </params>
          <reporter-output>
          </reporter-output>
        </test-method> <!-- tearDown -->
        <test-method status="PASS" signature="setUp(java.lang.reflect.Method)[pri:0, instance:com.spredfast.qa.mobileauto.ios.tests.publishing.calendar.TestCalendar@523884b2]" name="setUp" is-config="true" duration-ms="83486" started-at="2015-02-27T08:56:12Z" finished-at="2015-02-27T08:57:36Z">
          <params>
            <param index="0">
              <value>
                <![CDATA[public void com.spredfast.qa.mobileauto.ios.tests.publishing.calendar.TestCalendar.testTodayButtonAsAdmin_MOBI1667_MOBI1342_MOBI818_MOBI945_MOBI1661()]]>
              </value>
            </param>
          </params>
          <reporter-output>
          </reporter-output>
        </test-method> <!-- setUp -->
        <test-method status="PASS" signature="testTodayButtonAsAdmin_MOBI1667_MOBI1342_MOBI818_MOBI945_MOBI1661()[pri:0, instance:com.spredfast.qa.mobileauto.ios.tests.publishing.calendar.TestCalendar@523884b2]" name="testTodayButtonAsAdmin_MOBI1667_MOBI1342_MOBI818_MOBI945_MOBI1661" duration-ms="58963" started-at="2015-02-27T08:57:36Z" finished-at="2015-02-27T08:58:34Z">
          <reporter-output>
          </reporter-output>
        </test-method> <!-- testTodayButtonAsAdmin_MOBI1667_MOBI1342_MOBI818_MOBI945_MOBI1661 -->
        <test-method status="PASS" signature="tearDown(org.testng.ITestResult)[pri:0, instance:com.spredfast.qa.mobileauto.ios.tests.publishing.calendar.TestCalendar@523884b2]" name="tearDown" is-config="true" duration-ms="230" started-at="2015-02-27T08:58:35Z" finished-at="2015-02-27T08:58:35Z">
          <params>
            <param index="0">
              <value>
                <![CDATA[[TestResult name=testTodayButtonAsAdmin_MOBI1667_MOBI1342_MOBI818_MOBI945_MOBI1661 status=SUCCESS method=TestCalendar.testTodayButtonAsAdmin_MOBI1667_MOBI1342_MOBI818_MOBI945_MOBI1661()[pri:0, instance:com.spredfast.qa.mobileauto.ios.tests.publishing.calendar.TestCalendar@523884b2] output={null}]]]>
              </value>
            </param>
          </params>
          <reporter-output>
          </reporter-output>
        </test-method> <!-- tearDown -->
        <test-method status="PASS" signature="setUp(java.lang.reflect.Method)[pri:0, instance:com.spredfast.qa.mobileauto.ios.tests.publishing.calendar.TestCalendar@523884b2]" name="setUp" is-config="true" duration-ms="76862" started-at="2015-02-27T08:58:35Z" finished-at="2015-02-27T08:59:52Z">
          <params>
            <param index="0">
              <value>
                <![CDATA[public void com.spredfast.qa.mobileauto.ios.tests.publishing.calendar.TestCalendar.testTotalNumberOfItemsForTheDayAsAdmin_MOBI1119_MOBI1669() throws java.io.IOException]]>
              </value>
            </param>
          </params>
          <reporter-output>
          </reporter-output>
        </test-method> <!-- setUp -->
        <test-method status="FAIL" signature="testTotalNumberOfItemsForTheDayAsAdmin_MOBI1119_MOBI1669()[pri:0, instance:com.spredfast.qa.mobileauto.ios.tests.publishing.calendar.TestCalendar@523884b2]" name="testTotalNumberOfItemsForTheDayAsAdmin_MOBI1119_MOBI1669" duration-ms="61450" started-at="2015-02-27T08:59:52Z" finished-at="2015-02-27T09:00:53Z">
          <exception class="java.lang.AssertionError">
            <message>
              <![CDATA[The following asserts failed:
Messages total on app hourly view doesn't match the number received from the server expected [398] but found [397],
Messages total on app agenda view doesn't match the number received from the server expected [398] but found [397]

]]>
            </message>
            <full-stacktrace>
              <![CDATA[java.lang.AssertionError: The following asserts failed:
Messages total on app hourly view doesn't match the number received from the server expected [398] but found [397],
Messages total on app agenda view doesn't match the number received from the server expected [398] but found [397]


	at com.spredfast.qa.mobileauto.util.assertions.SpredfastSoftAssertion.assertAll(SpredfastSoftAssertion.java:54)
	at com.spredfast.qa.mobileauto.util.TestMethodListener.afterInvocation(TestMethodListener.java:29)
	at org.testng.internal.invokers.InvokedMethodListenerInvoker$InvokeAfterInvocationWithoutContextStrategy.callMethod(InvokedMethodListenerInvoker.java:100)
	at org.testng.internal.invokers.InvokedMethodListenerInvoker.invokeListener(InvokedMethodListenerInvoker.java:62)
	at org.testng.internal.Invoker.runInvokedMethodListeners(Invoker.java:619)
	at org.testng.internal.Invoker.invokeMethod(Invoker.java:777)
	at org.testng.internal.Invoker.invokeTestMethod(Invoker.java:901)
	at org.testng.internal.Invoker.invokeTestMethods(Invoker.java:1231)
	at org.testng.internal.TestMethodWorker.invokeTestMethods(TestMethodWorker.java:127)
	at org.testng.internal.TestMethodWorker.run(TestMethodWorker.java:111)
	at java.util.concurrent.ThreadPoolExecutor.runWorker(ThreadPoolExecutor.java:1142)
	at java.util.concurrent.ThreadPoolExecutor$Worker.run(ThreadPoolExecutor.java:617)
	at java.lang.Thread.run(Thread.java:745)
]]>
            </full-stacktrace>
          </exception> <!-- java.lang.AssertionError -->
          <reporter-output>
          </reporter-output>
        </test-method> <!-- testTotalNumberOfItemsForTheDayAsAdmin_MOBI1119_MOBI1669 -->
        <test-method status="PASS" signature="tearDown(org.testng.ITestResult)[pri:0, instance:com.spredfast.qa.mobileauto.ios.tests.publishing.calendar.TestCalendar@523884b2]" name="tearDown" is-config="true" duration-ms="16505" started-at="2015-02-27T09:00:54Z" finished-at="2015-02-27T09:01:10Z">
          <params>
            <param index="0">
              <value>
                <![CDATA[[TestResult name=testTotalNumberOfItemsForTheDayAsAdmin_MOBI1119_MOBI1669 status=FAILURE method=TestCalendar.testTotalNumberOfItemsForTheDayAsAdmin_MOBI1119_MOBI1669()[pri:0, instance:com.spredfast.qa.mobileauto.ios.tests.publishing.calendar.TestCalendar@523884b2] output={null}]]]>
              </value>
            </param>
          </params>
          <reporter-output>
          </reporter-output>
        </test-method> <!-- tearDown -->
      </class> <!-- com.spredfast.qa.mobileauto.ios.tests.publishing.calendar.TestCalendar -->
      <class name="com.spredfast.qa.mobileauto.common.tests.TestLogIn">
        <test-method status="PASS" signature="setUp(java.lang.reflect.Method)[pri:0, instance:com.spredfast.qa.mobileauto.common.tests.TestLogIn@7cd62f43]" name="setUp" is-config="true" duration-ms="92789" started-at="2015-02-27T08:47:11Z" finished-at="2015-02-27T08:48:44Z">
          <params>
            <param index="0">
              <value>
                <![CDATA[public void com.spredfast.qa.mobileauto.common.tests.TestLogIn.testAppIsDefaultEnv_MOBI1722()]]>
              </value>
            </param>
          </params>
          <reporter-output>
          </reporter-output>
        </test-method> <!-- setUp -->
        <test-method status="PASS" signature="testAppIsDefaultEnv_MOBI1722()[pri:0, instance:com.spredfast.qa.mobileauto.common.tests.TestLogIn@7cd62f43]" name="testAppIsDefaultEnv_MOBI1722" duration-ms="9059" started-at="2015-02-27T08:48:44Z" finished-at="2015-02-27T08:48:53Z">
          <reporter-output>
[...]
        </test-method> <!-- setUp -->
        <test-method status="PASS" signature="testFiltersMessageStatusAsAdmin_MOBI2031_MOBI2128_MOBI2230_MOBI2310_MOBI2056_MOBI2301_MOBI2064_MOBI2032(com.spredfast.qa.mobileauto.common.data.FilterOption, com.spredfast.qa.mobileauto.common.data.MessageStatus)[pri:0, instance:com.spredfast.qa.mobileauto.ios.tests.publishing.calendar.TestCalendarFiltersStatuses@91161c7]" name="testFiltersMessageStatusAsAdmin_MOBI2031_MOBI2128_MOBI2230_MOBI2310_MOBI2056_MOBI2301_MOBI2064_MOBI2032" duration-ms="99112" started-at="2015-02-27T09:22:09Z" data-provider="filterCalendarDataProviderMessageStatuses" finished-at="2015-02-27T09:23:48Z">
          <params>
            <param index="0">
              <value>
                <![CDATA[NEEDS_CONTENT]]>
              </value>
            </param>
            <param index="1">
              <value>
                <![CDATA[NEEDS_CONTENT]]>
              </value>
            </param>
          </params>
          <reporter-output>
          </reporter-output>
        </test-method> <!-- testFiltersMessageStatusAsAdmin_MOBI2031_MOBI2128_MOBI2230_MOBI2310_MOBI2056_MOBI2301_MOBI2064_MOBI2032 -->
        <test-method status="PASS" signature="tearDown(org.testng.ITestResult)[pri:0, instance:com.spredfast.qa.mobileauto.ios.tests.publishing.calendar.TestCalendarFiltersStatuses@91161c7]" name="tearDown" is-config="true" duration-ms="267" started-at="2015-02-27T09:23:49Z" finished-at="2015-02-27T09:23:49Z">
          <params>
            <param index="0">
              <value>
                <![CDATA[[TestResult name=testFiltersMessageStatusAsAdmin_MOBI2031_MOBI2128_MOBI2230_MOBI2310_MOBI2056_MOBI2301_MOBI2064_MOBI2032 status=SUCCESS method=TestCalendarFiltersStatuses.testFiltersMessageStatusAsAdmin_MOBI2031_MOBI2128_MOBI2230_MOBI2310_MOBI2056_MOBI2301_MOBI2064_MOBI2032(com.spredfast.qa.mobileauto.common.data.FilterOption, com.spredfast.qa.mobileauto.common.data.MessageStatus)[pri:0, instance:com.spredfast.qa.mobileauto.ios.tests.publishing.calendar.TestCalendarFiltersStatuses@91161c7] output={null}]]]>
              </value>
            </param>
          </params>
          <reporter-output>
          </reporter-output>
        </test-method> <!-- tearDown -->
        <test-method status="PASS" signature="setUp(java.lang.reflect.Method)[pri:0, instance:com.spredfast.qa.mobileauto.ios.tests.publishing.calendar.TestCalendarFiltersStatuses@91161c7]" name="setUp" is-config="true" duration-ms="370747" started-at="2015-02-27T09:23:49Z" finished-at="2015-02-27T09:30:00Z">
          <params>
            <param index="0">
              <value>
                <![CDATA[public void com.spredfast.qa.mobileauto.ios.tests.publishing.calendar.TestCalendarFiltersStatuses.testFiltersMessageStatusAsAdmin_MOBI2031_MOBI2128_MOBI2230_MOBI2310_MOBI2056_MOBI2301_MOBI2064_MOBI2032(com.spredfast.qa.mobileauto.common.data.FilterOption,com.spredfast.qa.mobileauto.common.data.MessageStatus) throws java.io.IOException]]>
              </value>
            </param>
          </params>
          <reporter-output>
          </reporter-output>
        </test-method> <!-- setUp -->
        <test-method status="FAIL" signature="testFiltersMessageStatusAsAdmin_MOBI2031_MOBI2128_MOBI2230_MOBI2310_MOBI2056_MOBI2301_MOBI2064_MOBI2032(com.spredfast.qa.mobileauto.common.data.FilterOption, com.spredfast.qa.mobileauto.common.data.MessageStatus)[pri:0, instance:com.spredfast.qa.mobileauto.ios.tests.publishing.calendar.TestCalendarFiltersStatuses@91161c7]" name="testFiltersMessageStatusAsAdmin_MOBI2031_MOBI2128_MOBI2230_MOBI2310_MOBI2056_MOBI2301_MOBI2064_MOBI2032" duration-ms="1" started-at="2015-02-27T09:30:00Z" data-provider="filterCalendarDataProviderMessageStatuses" finished-at="2015-02-27T09:30:00Z">
          <params>
            <param index="0">
              <value>
                <![CDATA[FAILED_TO_PUBLISH]]>
              </value>
            </param>
            <param index="1">
              <value>
                <![CDATA[FAILED_TO_PUBLISH]]>
              </value>
            </param>
          </params>
          <exception class="org.openqa.selenium.remote.SessionNotFoundException">
            <message>
              <![CDATA[Session ID is null. Using WebDriver after calling quit()?
Build info: version: '2.43.1', revision: '5163bceef1bc36d43f3dc0b83c88998168a363a0', time: '2014-09-10 09:43:55'
System info: host: 'builds-Mac-mini.local', ip: '172.19.255.20', os.name: 'Mac OS X', os.arch: 'x86_64', os.version: '10.10.2', java.version: '1.8.0_25'
Driver info: driver.version: RemoteWebDriver]]>
            </message>
            <full-stacktrace>
              <![CDATA[org.openqa.selenium.remote.SessionNotFoundException: Session ID is null. Using WebDriver after calling quit()?
Build info: version: '2.43.1', revision: '5163bceef1bc36d43f3dc0b83c88998168a363a0', time: '2014-09-10 09:43:55'
System info: host: 'builds-Mac-mini.local', ip: '172.19.255.20', os.name: 'Mac OS X', os.arch: 'x86_64', os.version: '10.10.2', java.version: '1.8.0_25'
Driver info: driver.version: RemoteWebDriver
	at org.openqa.selenium.remote.HttpCommandExecutor.execute(HttpCommandExecutor.java:158)
	at org.openqa.selenium.remote.RemoteWebDriver.execute(RemoteWebDriver.java:572)
	at io.appium.java_client.AppiumDriver.execute(AppiumDriver.java:180)
	at org.openqa.selenium.remote.RemoteWebDriver.findElement(RemoteWebDriver.java:352)
	at io.appium.java_client.AppiumDriver.findElementByAccessibilityId(AppiumDriver.java:587)
	at io.appium.java_client.MobileBy$ByAccessibilityId.findElement(MobileBy.java:100)
	at org.openqa.selenium.remote.RemoteWebDriver.findElement(RemoteWebDriver.java:344)
	at com.spredfast.qa.mobileauto.util.ElementFindHelper.findElement(ElementFindHelper.java:36)
	at com.spredfast.qa.mobileauto.common.uidata.pages.BasePage.findElement(BasePage.java:57)
	at com.spredfast.qa.mobileauto.common.uidata.pages.LogInPage.getEmail(LogInPage.java:30)
	at com.spredfast.qa.mobileauto.common.uidata.pages.LogInPage.setEmail(LogInPage.java:108)
	at com.spredfast.qa.mobileauto.common.uidata.pages.LogInPage.inputCredentialsAndClickLogIn(LogInPage.java:72)
	at com.spredfast.qa.mobileauto.common.uidata.pages.LogInPage.logInWithCredentials(LogInPage.java:119)
	at com.spredfast.qa.mobileauto.ios.tests.publishing.calendar.TestCalendarFiltersStatuses.testFiltersMessageStatusAsAdmin_MOBI2031_MOBI2128_MOBI2230_MOBI2310_MOBI2056_MOBI2301_MOBI2064_MOBI2032(TestCalendarFiltersStatuses.java:24)
	at sun.reflect.NativeMethodAccessorImpl.invoke0(Native Method)
	at sun.reflect.NativeMethodAccessorImpl.invoke(NativeMethodAccessorImpl.java:62)
	at sun.reflect.DelegatingMethodAccessorImpl.invoke(DelegatingMethodAccessorImpl.java:43)
	at java.lang.reflect.Method.invoke(Method.java:483)
	at org.testng.internal.MethodInvocationHelper.invokeMethod(MethodInvocationHelper.java:84)
	at org.testng.internal.Invoker.invokeMethod(Invoker.java:714)
	at org.testng.internal.Invoker.invokeTestMethod(Invoker.java:901)
	at org.testng.internal.Invoker.invokeTestMethods(Invoker.java:1231)
	at org.testng.internal.TestMethodWorker.invokeTestMethods(TestMethodWorker.java:127)
	at org.testng.internal.TestMethodWorker.run(TestMethodWorker.java:111)
	at java.util.concurrent.ThreadPoolExecutor.runWorker(ThreadPoolExecutor.java:1142)
	at java.util.concurrent.ThreadPoolExecutor$Worker.run(ThreadPoolExecutor.java:617)
	at java.lang.Thread.run(Thread.java:745)
]]>
            </full-stacktrace>
          </exception> <!-- org.openqa.selenium.remote.SessionNotFoundException -->
          <reporter-output>
          </reporter-output>
        </test-method> <!-- testFiltersMessageStatusAsAdmin_MOBI2031_MOBI2128_MOBI2230_MOBI2310_MOBI2056_MOBI2301_MOBI2064_MOBI2032 -->
        <test-method status="PASS" signature="tearDown(org.testng.ITestResult)[pri:0, instance:com.spredfast.qa.mobileauto.ios.tests.publishing.calendar.TestCalendarFiltersStatuses@91161c7]" name="tearDown" is-config="true" duration-ms="1" started-at="2015-02-27T09:30:00Z" finished-at="2015-02-27T09:30:00Z">
          <params>
            <param index="0">
              <value>
                <![CDATA[[TestResult name=testFiltersMessageStatusAsAdmin_MOBI2031_MOBI2128_MOBI2230_MOBI2310_MOBI2056_MOBI2301_MOBI2064_MOBI2032 status=FAILURE method=TestCalendarFiltersStatuses.testFiltersMessageStatusAsAdmin_MOBI2031_MOBI2128_MOBI2230_MOBI2310_MOBI2056_MOBI2301_MOBI2064_MOBI2032(com.spredfast.qa.mobileauto.common.data.FilterOption, com.spredfast.qa.mobileauto.common.data.MessageStatus)[pri:0, instance:com.spredfast.qa.mobileauto.ios.tests.publishing.calendar.TestCalendarFiltersStatuses@91161c7] output={null}]]]>
              </value>
            </param>
          </params>
          <reporter-output>
          </reporter-output>
        </test-method> <!-- tearDown -->
        <test-method status="PASS" signature="setUp(java.lang.reflect.Method)[pri:0, instance:com.spredfast.qa.mobileauto.ios.tests.publishing.calendar.TestCalendarFiltersStatuses@91161c7]" name="setUp" is-config="true" duration-ms="102609" started-at="2015-02-27T09:30:00Z" finished-at="2015-02-27T09:31:43Z">
          <params>
            <param index="0">
              <value>
                <![CDATA[public void com.spredfast.qa.mobileauto.ios.tests.publishing.calendar.TestCalendarFiltersStatuses.testFiltersMessageStatusAsAdmin_MOBI2031_MOBI2128_MOBI2230_MOBI2310_MOBI2056_MOBI2301_MOBI2064_MOBI2032(com.spredfast.qa.mobileauto.common.data.FilterOption,com.spredfast.qa.mobileauto.common.data.MessageStatus) throws java.io.IOException]]>
              </value>
            </param>
          </params>
          <reporter-output>
          </reporter-output>
        </test-method> <!-- setUp -->
        <test-method status="PASS" signature="testFiltersMessageStatusAsAdmin_MOBI2031_MOBI2128_MOBI2230_MOBI2310_MOBI2056_MOBI2301_MOBI2064_MOBI2032(com.spredfast.qa.mobileauto.common.data.FilterOption, com.spredfast.qa.mobileauto.common.data.MessageStatus)[pri:0, instance:com.spredfast.qa.mobileauto.ios.tests.publishing.calendar.TestCalendarFiltersStatuses@91161c7]" name="testFiltersMessageStatusAsAdmin_MOBI2031_MOBI2128_MOBI2230_MOBI2310_MOBI2056_MOBI2301_MOBI2064_MOBI2032" duration-ms="81563" started-at="2015-02-27T09:31:43Z" data-provider="filterCalendarDataProviderMessageStatuses" finished-at="2015-02-27T09:33:04Z">
          <params>
            <param index="0">
              <value>
                <![CDATA[READY_FOR_REVIEW]]>
              </value>
            </param>
            <param index="1">
              <value>
                <![CDATA[READY_FOR_REVIEW]]>
              </value>
            </param>
          </params>
          <reporter-output>
          </reporter-output>
        </test-method> <!-- testFiltersMessageStatusAsAdmin_MOBI2031_MOBI2128_MOBI2230_MOBI2310_MOBI2056_MOBI2301_MOBI2064_MOBI2032 -->
        <test-method status="PASS" signature="tearDown(org.testng.ITestResult)[pri:0, instance:com.spredfast.qa.mobileauto.ios.tests.publishing.calendar.TestCalendarFiltersStatuses@91161c7]" name="tearDown" is-config="true" duration-ms="344" started-at="2015-02-27T09:33:06Z" finished-at="2015-02-27T09:33:07Z">
          <params>
            <param index="0">
              <value>
                <![CDATA[[TestResult name=testFiltersMessageStatusAsAdmin_MOBI2031_MOBI2128_MOBI2230_MOBI2310_MOBI2056_MOBI2301_MOBI2064_MOBI2032 status=SUCCESS method=TestCalendarFiltersStatuses.testFiltersMessageStatusAsAdmin_MOBI2031_MOBI2128_MOBI2230_MOBI2310_MOBI2056_MOBI2301_MOBI2064_MOBI2032(com.spredfast.qa.mobileauto.common.data.FilterOption, com.spredfast.qa.mobileauto.common.data.MessageStatus)[pri:0, instance:com.spredfast.qa.mobileauto.ios.tests.publishing.calendar.TestCalendarFiltersStatuses@91161c7] output={null}]]]>
              </value>
            </param>
          </params>
          <reporter-output>
          </reporter-output>
        </test-method> <!-- tearDown -->
        <test-method status="PASS" signature="setUp(java.lang.reflect.Method)[pri:0, instance:com.spredfast.qa.mobileauto.ios.tests.publishing.calendar.TestCalendarFiltersStatuses@91161c7]" name="setUp" is-config="true" duration-ms="88648" started-at="2015-02-27T09:33:07Z" finished-at="2015-02-27T09:34:35Z">
          <params>
            <param index="0">
              <value>
                <![CDATA[public void com.spredfast.qa.mobileauto.ios.tests.publishing.calendar.TestCalendarFiltersStatuses.testFiltersMessageStatusAsAdmin_MOBI2031_MOBI2128_MOBI2230_MOBI2310_MOBI2056_MOBI2301_MOBI2064_MOBI2032(com.spredfast.qa.mobileauto.common.data.FilterOption,com.spredfast.qa.mobileauto.common.data.MessageStatus) throws java.io.IOException]]>
              </value>
            </param>
          </params>
          <reporter-output>
          </reporter-output>
        </test-method> <!-- setUp -->
        <test-method status="PASS" signature="testFiltersMessageStatusAsAdmin_MOBI2031_MOBI2128_MOBI2230_MOBI2310_MOBI2056_MOBI2301_MOBI2064_MOBI2032(com.spredfast.qa.mobileauto.common.data.FilterOption, com.spredfast.qa.mobileauto.common.data.MessageStatus)[pri:0, instance:com.spredfast.qa.mobileauto.ios.tests.publishing.calendar.TestCalendarFiltersStatuses@91161c7]" name="testFiltersMessageStatusAsAdmin_MOBI2031_MOBI2128_MOBI2230_MOBI2310_MOBI2056_MOBI2301_MOBI2064_MOBI2032" duration-ms="87147" started-at="2015-02-27T09:34:35Z" data-provider="filterCalendarDataProviderMessageStatuses" finished-at="2015-02-27T09:36:03Z">
          <params>
            <param index="0">
              <value>
                <![CDATA[PARTIALLY_PUBLISHED]]>
              </value>
            </param>
            <param index="1">
              <value>
                <![CDATA[PARTIALLY_PUBLISHED]]>
              </value>
            </param>
          </params>
          <reporter-output>
          </reporter-output>
        </test-method> <!-- testFiltersMessageStatusAsAdmin_MOBI2031_MOBI2128_MOBI2230_MOBI2310_MOBI2056_MOBI2301_MOBI2064_MOBI2032 -->
        <test-method status="PASS" signature="tearDown(org.testng.ITestResult)[pri:0, instance:com.spredfast.qa.mobileauto.ios.tests.publishing.calendar.TestCalendarFiltersStatuses@91161c7]" name="tearDown" is-config="true" duration-ms="255" started-at="2015-02-27T09:36:03Z" finished-at="2015-02-27T09:36:03Z">
          <params>
            <param index="0">
              <value>
                <![CDATA[[TestResult name=testFiltersMessageStatusAsAdmin_MOBI2031_MOBI2128_MOBI2230_MOBI2310_MOBI2056_MOBI2301_MOBI2064_MOBI2032 status=SUCCESS method=TestCalendarFiltersStatuses.testFiltersMessageStatusAsAdmin_MOBI2031_MOBI2128_MOBI2230_MOBI2310_MOBI2056_MOBI2301_MOBI2064_MOBI2032(com.spredfast.qa.mobileauto.common.data.FilterOption, com.spredfast.qa.mobileauto.common.data.MessageStatus)[pri:0, instance:com.spredfast.qa.mobileauto.ios.tests.publishing.calendar.TestCalendarFiltersStatuses@91161c7] output={null}]]]>
              </value>
            </param>
          </params>
          <reporter-output>
          </reporter-output>
        </test-method> <!-- tearDown -->
      </class> <!-- com.spredfast.qa.mobileauto.ios.tests.publishing.calendar.TestCalendarFiltersStatuses -->
      <class name="com.spredfast.qa.mobileauto.ios.tests.publishing.calendar.TestCalendarMessage">
        <test-method status="PASS" signature="setUp(java.lang.reflect.Method)[pri:0, instance:com.spredfast.qa.mobileauto.ios.tests.publishing.calendar.TestCalendarMessage@3e6fa38a]" name="setUp" is-config="true" duration-ms="88170" started-at="2015-02-27T08:47:11Z" finished-at="2015-02-27T08:48:39Z">
          <params>
            <param index="0">
              <value>
                <![CDATA[public void com.spredfast.qa.mobileauto.ios.tests.publishing.calendar.TestCalendarMessage.testMessageDetailsAsCompanyAdmin_MOBI1539_MOBI1417_MOBI729_MOBI984_MOBI858_MOBI1383_MOBI1288_MOBI1521()]]>
              </value>
            </param>
          </params>
          <reporter-output>
          </reporter-output>
        </test-method> <!-- setUp -->
        <test-method status="PASS" signature="testMessageDetailsAsCompanyAdmin_MOBI1539_MOBI1417_MOBI729_MOBI984_MOBI858_MOBI1383_MOBI1288_MOBI1521()[pri:0, instance:com.spredfast.qa.mobileauto.ios.tests.publishing.calendar.TestCalendarMessage@3e6fa38a]" name="testMessageDetailsAsCompanyAdmin_MOBI1539_MOBI1417_MOBI729_MOBI984_MOBI858_MOBI1383_MOBI1288_MOBI1521" duration-ms="192291" started-at="2015-02-27T08:48:39Z" finished-at="2015-02-27T08:51:52Z">
          <reporter-output>
          </reporter-output>
        </test-method> <!-- testMessageDetailsAsCompanyAdmin_MOBI1539_MOBI1417_MOBI729_MOBI984_MOBI858_MOBI1383_MOBI1288_MOBI1521 -->
        <test-method status="PASS" signature="tearDown(org.testng.ITestResult)[pri:0, instance:com.spredfast.qa.mobileauto.ios.tests.publishing.calendar.TestCalendarMessage@3e6fa38a]" name="tearDown" is-config="true" duration-ms="288" started-at="2015-02-27T08:51:52Z" finished-at="2015-02-27T08:51:53Z">
          <params>
            <param index="0">
              <value>
                <![CDATA[[TestResult name=testMessageDetailsAsCompanyAdmin_MOBI1539_MOBI1417_MOBI729_MOBI984_MOBI858_MOBI1383_MOBI1288_MOBI1521 status=SUCCESS method=TestCalendarMessage.testMessageDetailsAsCompanyAdmin_MOBI1539_MOBI1417_MOBI729_MOBI984_MOBI858_MOBI1383_MOBI1288_MOBI1521()[pri:0, instance:com.spredfast.qa.mobileauto.ios.tests.publishing.calendar.TestCalendarMessage@3e6fa38a] output={null}]]]>
              </value>
            </param>
          </params>
          <reporter-output>
          </reporter-output>
        </test-method> <!-- tearDown -->
        <test-method status="PASS" signature="setUp(java.lang.reflect.Method)[pri:0, instance:com.spredfast.qa.mobileauto.ios.tests.publishing.calendar.TestCalendarMessage@3e6fa38a]" name="setUp" is-config="true" duration-ms="85129" started-at="2015-02-27T08:51:53Z" finished-at="2015-02-27T08:53:18Z">
          <params>
            <param index="0">
              <value>
                <![CDATA[public void com.spredfast.qa.mobileauto.ios.tests.publishing.calendar.TestCalendarMessage.testMessagePaperClipAsAdmin_MOBI1064_MOBI1394_MOBI1138_MOBI790()]]>
              </value>
            </param>
          </params>
          <reporter-output>
          </reporter-output>
        </test-method> <!-- setUp -->
        <test-method status="PASS" signature="testMessagePaperClipAsAdmin_MOBI1064_MOBI1394_MOBI1138_MOBI790()[pri:0, instance:com.spredfast.qa.mobileauto.ios.tests.publishing.calendar.TestCalendarMessage@3e6fa38a]" name="testMessagePaperClipAsAdmin_MOBI1064_MOBI1394_MOBI1138_MOBI790" duration-ms="211564" started-at="2015-02-27T08:53:18Z" finished-at="2015-02-27T08:56:49Z">
          <reporter-output>
          </reporter-output>
        </test-method> <!-- testMessagePaperClipAsAdmin_MOBI1064_MOBI1394_MOBI1138_MOBI790 -->
        <test-method status="PASS" signature="tearDown(org.testng.ITestResult)[pri:0, instance:com.spredfast.qa.mobileauto.ios.tests.publishing.calendar.TestCalendarMessage@3e6fa38a]" name="tearDown" is-config="true" duration-ms="238" started-at="2015-02-27T08:56:51Z" finished-at="2015-02-27T08:56:51Z">
          <params>
            <param index="0">
              <value>
                <![CDATA[[TestResult name=testMessagePaperClipAsAdmin_MOBI1064_MOBI1394_MOBI1138_MOBI790 status=SUCCESS method=TestCalendarMessage.testMessagePaperClipAsAdmin_MOBI1064_MOBI1394_MOBI1138_MOBI790()[pri:0, instance:com.spredfast.qa.mobileauto.ios.tests.publishing.calendar.TestCalendarMessage@3e6fa38a] output={null}]]]>
              </value>
            </param>
          </params>
          <reporter-output>
          </reporter-output>
        </test-method> <!-- tearDown -->
      </class> <!-- com.spredfast.qa.mobileauto.ios.tests.publishing.calendar.TestCalendarMessage -->
    </test> <!-- Surefire test -->
  </suite> <!-- Surefire suite -->
</testng-results>
